{"meta": {"format": 3, "version": "7.13.5", "timestamp": "2026-04-09T12:35:15.276830", "branch_coverage": false, "show_contexts": false}, "files": {"app/__init__.py": {"executed_lines": [], "summary": {"covered_lines": 0, "num_statements": 0, "percent_covered": 100.0, "percent_covered_display": "100", "missing_lines": 0, "excluded_lines": 0, "percent_statements_covered": 100.0, "percent_statements_covered_display": "100"}, "missing_lines": [], "excluded_lines": [], "functions": {"": {"executed_lines": [], "summary": {"covered_lines": 0, "num_statements": 0, "percent_covered": 100.0, "percent_covered_display": "100", "missing_lines": 0, "excluded_lines": 0, "percent_statements_covered": 100.0, "percent_statements_covered_display": "100"}, "missing_lines": [], "excluded_lines": [], "start_line": 1}}, "classes": {"": {"executed_lines": [], "summary": {"covered_lines": 0, "num_statements": 0, "percent_covered": 100.0, "percent_covered_display": "100", "missing_lines": 0, "excluded_lines": 0, "percent_statements_covered": 100.0, "percent_statements_covered_display": "100"}, "missing_lines": [], "excluded_lines": [], "start_line": 1}}}, "app/auth.py": {"executed_lines": [1, 2, 3, 5, 6, 7, 8, 9, 11, 12, 13, 15, 16, 19, 20, 23, 24, 27, 28, 29, 32, 33, 34, 37, 38, 39, 40, 43, 44, 45, 46, 47, 50, 51, 52, 53, 54, 56, 57, 58, 59, 60, 61, 62, 65, 73, 74, 75, 76, 79, 83, 84, 85, 86, 87, 88, 90, 91, 93, 94, 95, 96, 99, 100, 101, 102, 103, 104, 107, 108, 109], "summary": {"covered_lines": 71, "num_statements": 72, "percent_covered": 98.61111111111111, "percent_covered_display": "99", "missing_lines": 1, "excluded_lines": 0, "percent_statements_covered": 98.61111111111111, "percent_statements_covered_display": "99"}, "missing_lines": [89], "excluded_lines": [], "functions": {"hash_password": {"executed_lines": [20], "summary": {"covered_lines": 1, "num_statements": 1, "percent_covered": 100.0, "percent_covered_display": "100", "missing_lines": 0, "excluded_lines": 0, "percent_statements_covered": 100.0, "percent_statements_covered_display": "100"}, "missing_lines": [], "excluded_lines": [], "start_line": 19}, "verify_password": {"executed_lines": [24], "summary": {"covered_lines": 1, "num_statements": 1, "percent_covered": 100.0, "percent_covered_display": "100", "missing_lines": 0, "excluded_lines": 0, "percent_statements_covered": 100.0, "percent_statements_covered_display": "100"}, "missing_lines": [], "excluded_lines": [], "start_line": 23}, "create_access_token": {"executed_lines": [28, 29, 32, 33, 34], "summary": {"covered_lines": 5, "num_statements": 5, "percent_covered": 100.0, "percent_covered_display": "100", "missing_lines": 0, "excluded_lines": 0, "percent_statements_covered": 100.0, "percent_statements_covered_display": "100"}, "missing_lines": [], "excluded_lines": [], "start_line": 27}, "decode_access_token": {"executed_lines": [38, 39, 40], "summary": {"covered_lines": 3, "num_statements": 3, "percent_covered": 100.0, "percent_covered_display": "100", "missing_lines": 0, "excluded_lines": 0, "percent_statements_covered": 100.0, "percent_statements_covered_display": "100"}, "missing_lines": [], "excluded_lines": [], "start_line": 37}, "get_or_create_user_from_oidc": {"executed_lines": [44, 45, 46, 47, 50, 51, 52, 53, 54, 56, 57, 58, 59, 60, 61, 62, 65, 73, 74, 75, 76], "summary": {"covered_lines": 21, "num_statements": 21, "percent_covered": 100.0, "percent_covered_display": "100", "missing_lines": 0, "excluded_lines": 0, "percent_statements_covered": 100.0, "percent_statements_covered_display": "100"}, "missing_lines": [], "excluded_lines": [], "start_line": 43}, "get_current_user": {"executed_lines": [83, 84, 85, 86, 87, 88, 90, 91, 93, 94, 95, 96], "summary": {"covered_lines": 12, "num_statements": 13, "percent_covered": 92.3076923076923, "percent_covered_display": "92", "missing_lines": 1, "excluded_lines": 0, "percent_statements_covered": 92.3076923076923, "percent_statements_covered_display": "92"}, "missing_lines": [89], "excluded_lines": [], "start_line": 79}, "require_role": {"executed_lines": [100, 104], "summary": {"covered_lines": 2, "num_statements": 2, "percent_covered": 100.0, "percent_covered_display": "100", "missing_lines": 0, "excluded_lines": 0, "percent_statements_covered": 100.0, "percent_statements_covered_display": "100"}, "missing_lines": [], "excluded_lines": [], "start_line": 99}, "require_role.checker": {"executed_lines": [101, 102, 103], "summary": {"covered_lines": 3, "num_statements": 3, "percent_covered": 100.0, "percent_covered_display": "100", "missing_lines": 0, "excluded_lines": 0, "percent_statements_covered": 100.0, "percent_statements_covered_display": "100"}, "missing_lines": [], "excluded_lines": [], "start_line": 100}, "": {"executed_lines": [1, 2, 3, 5, 6, 7, 8, 9, 11, 12, 13, 15, 16, 19, 23, 27, 37, 43, 79, 99, 107, 108, 109], "summary": {"covered_lines": 23, "num_statements": 23, "percent_covered": 100.0, "percent_covered_display": "100", "missing_lines": 0, "excluded_lines": 0, "percent_statements_covered": 100.0, "percent_statements_covered_display": "100"}, "missing_lines": [], "excluded_lines": [], "start_line": 1}}, "classes": {"": {"executed_lines": [1, 2, 3, 5, 6, 7, 8, 9, 11, 12, 13, 15, 16, 19, 20, 23, 24, 27, 28, 29, 32, 33, 34, 37, 38, 39, 40, 43, 44, 45, 46, 47, 50, 51, 52, 53, 54, 56, 57, 58, 59, 60, 61, 62, 65, 73, 74, 75, 76, 79, 83, 84, 85, 86, 87, 88, 90, 91, 93, 94, 95, 96, 99, 100, 101, 102, 103, 104, 107, 108, 109], "summary": {"covered_lines": 71, "num_statements": 72, "percent_covered": 98.61111111111111, "percent_covered_display": "99", "missing_lines": 1, "excluded_lines": 0, "percent_statements_covered": 98.61111111111111, "percent_statements_covered_display": "99"}, "missing_lines": [89], "excluded_lines": [], "start_line": 1}}}, "app/config.py": {"executed_lines": [1, 3, 4, 8, 11, 12, 20, 23, 24, 25, 28, 29, 30, 31, 32, 35, 36, 37, 38, 41, 42, 45, 48, 49, 52, 53, 54, 57, 58, 61], "summary": {"covered_lines": 30, "num_statements": 30, "percent_covered": 100.0, "percent_covered_display": "100", "missing_lines": 0, "excluded_lines": 0, "percent_statements_covered": 100.0, "percent_statements_covered_display": "100"}, "missing_lines": [], "excluded_lines": [], "functions": {"": {"executed_lines": [1, 3, 4, 8, 11, 12, 20, 23, 24, 25, 28, 29, 30, 31, 32, 35, 36, 37, 38, 41, 42, 45, 48, 49, 52, 53, 54, 57, 58, 61], "summary": {"covered_lines": 30, "num_statements": 30, "percent_covered": 100.0, "percent_covered_display": "100", "missing_lines": 0, "excluded_lines": 0, "percent_statements_covered": 100.0, "percent_statements_covered_display": "100"}, "missing_lines": [], "excluded_lines": [], "start_line": 1}}, "classes": {"Settings": {"executed_lines": [], "summary": {"covered_lines": 0, "num_statements": 0, "percent_covered": 100.0, "percent_covered_display": "100", "missing_lines": 0, "excluded_lines": 0, "percent_statements_covered": 100.0, "percent_statements_covered_display": "100"}, "missing_lines": [], "excluded_lines": [], "start_line": 11}, "": {"executed_lines": [1, 3, 4, 8, 11, 12, 20, 23, 24, 25, 28, 29, 30, 31, 32, 35, 36, 37, 38, 41, 42, 45, 48, 49, 52, 53, 54, 57, 58, 61], "summary": {"covered_lines": 30, "num_statements": 30, "percent_covered": 100.0, "percent_covered_display": "100", "missing_lines": 0, "excluded_lines": 0, "percent_statements_covered": 100.0, "percent_statements_covered_display": "100"}, "missing_lines": [], "excluded_lines": [], "start_line": 1}}}, "app/database.py": {"executed_lines": [1, 2, 3, 5, 7, 9, 17, 20, 21, 24], "summary": {"covered_lines": 10, "num_statements": 14, "percent_covered": 71.42857142857143, "percent_covered_display": "71", "missing_lines": 4, "excluded_lines": 0, "percent_statements_covered": 71.42857142857143, "percent_statements_covered_display": "71"}, "missing_lines": [25, 26, 27, 29], "excluded_lines": [], "functions": {"get_db": {"executed_lines": [], "summary": {"covered_lines": 0, "num_statements": 4, "percent_covered": 0.0, "percent_covered_display": "0", "missing_lines": 4, "excluded_lines": 0, "percent_statements_covered": 0.0, "percent_statements_covered_display": "0"}, "missing_lines": [25, 26, 27, 29], "excluded_lines": [], "start_line": 24}, "": {"executed_lines": [1, 2, 3, 5, 7, 9, 17, 20, 21, 24], "summary": {"covered_lines": 10, "num_statements": 10, "percent_covered": 100.0, "percent_covered_display": "100", "missing_lines": 0, "excluded_lines": 0, "percent_statements_covered": 100.0, "percent_statements_covered_display": "100"}, "missing_lines": [], "excluded_lines": [], "start_line": 1}}, "classes": {"Base": {"executed_lines": [], "summary": {"covered_lines": 0, "num_statements": 0, "percent_covered": 100.0, "percent_covered_display": "100", "missing_lines": 0, "excluded_lines": 0, "percent_statements_covered": 100.0, "percent_statements_covered_display": "100"}, "missing_lines": [], "excluded_lines": [], "start_line": 20}, "": {"executed_lines": [1, 2, 3, 5, 7, 9, 17, 20, 21, 24], "summary": {"covered_lines": 10, "num_statements": 14, "percent_covered": 71.42857142857143, "percent_covered_display": "71", "missing_lines": 4, "excluded_lines": 0, "percent_statements_covered": 71.42857142857143, "percent_statements_covered_display": "71"}, "missing_lines": [25, 26, 27, 29], "excluded_lines": [], "start_line": 1}}}, "app/jobs/__init__.py": {"executed_lines": [], "summary": {"covered_lines": 0, "num_statements": 0, "percent_covered": 100.0, "percent_covered_display": "100", "missing_lines": 0, "excluded_lines": 0, "percent_statements_covered": 100.0, "percent_statements_covered_display": "100"}, "missing_lines": [], "excluded_lines": [], "functions": {"": {"executed_lines": [], "summary": {"covered_lines": 0, "num_statements": 0, "percent_covered": 100.0, "percent_covered_display": "100", "missing_lines": 0, "excluded_lines": 0, "percent_statements_covered": 100.0, "percent_statements_covered_display": "100"}, "missing_lines": [], "excluded_lines": [], "start_line": 1}}, "classes": {"": {"executed_lines": [], "summary": {"covered_lines": 0, "num_statements": 0, "percent_covered": 100.0, "percent_covered_display": "100", "missing_lines": 0, "excluded_lines": 0, "percent_statements_covered": 100.0, "percent_statements_covered_display": "100"}, "missing_lines": [], "excluded_lines": [], "start_line": 1}}}, "app/jobs/retention.py": {"executed_lines": [12, 13, 15, 16, 18, 21, 22, 23, 24, 26, 27, 28, 30, 31, 34, 46, 47, 49, 50, 51, 52, 53, 54, 56, 59, 75, 84, 92], "summary": {"covered_lines": 28, "num_statements": 28, "percent_covered": 100.0, "percent_covered_display": "100", "missing_lines": 0, "excluded_lines": 0, "percent_statements_covered": 100.0, "percent_statements_covered_display": "100"}, "missing_lines": [], "excluded_lines": [], "functions": {"run_retention": {"executed_lines": [22, 23, 24, 26, 27, 28, 30, 31], "summary": {"covered_lines": 8, "num_statements": 8, "percent_covered": 100.0, "percent_covered_display": "100", "missing_lines": 0, "excluded_lines": 0, "percent_statements_covered": 100.0, "percent_statements_covered_display": "100"}, "missing_lines": [], "excluded_lines": [], "start_line": 21}, "_downsample": {"executed_lines": [46, 47, 49, 50, 51, 52, 53, 54, 56, 59, 75, 84, 92], "summary": {"covered_lines": 13, "num_statements": 13, "percent_covered": 100.0, "percent_covered_display": "100", "missing_lines": 0, "excluded_lines": 0, "percent_statements_covered": 100.0, "percent_statements_covered_display": "100"}, "missing_lines": [], "excluded_lines": [], "start_line": 34}, "": {"executed_lines": [12, 13, 15, 16, 18, 21, 34], "summary": {"covered_lines": 7, "num_statements": 7, "percent_covered": 100.0, "percent_covered_display": "100", "missing_lines": 0, "excluded_lines": 0, "percent_statements_covered": 100.0, "percent_statements_covered_display": "100"}, "missing_lines": [], "excluded_lines": [], "start_line": 1}}, "classes": {"": {"executed_lines": [12, 13, 15, 16, 18, 21, 22, 23, 24, 26, 27, 28, 30, 31, 34, 46, 47, 49, 50, 51, 52, 53, 54, 56, 59, 75, 84, 92], "summary": {"covered_lines": 28, "num_statements": 28, "percent_covered": 100.0, "percent_covered_display": "100", "missing_lines": 0, "excluded_lines": 0, "percent_statements_covered": 100.0, "percent_statements_covered_display": "100"}, "missing_lines": [], "excluded_lines": [], "start_line": 1}}}, "app/main.py": {"executed_lines": [1, 2, 3, 4, 5, 7, 8, 9, 10, 12, 13, 15, 16, 18, 21, 30, 39, 40, 42, 45, 46, 47, 48, 50, 52, 53, 56, 65, 75, 76, 77, 78, 79, 80, 83, 85, 86, 87, 88, 89, 90, 91, 92, 95, 96, 99, 100, 101, 102, 105, 106], "summary": {"covered_lines": 51, "num_statements": 85, "percent_covered": 60.0, "percent_covered_display": "60", "missing_lines": 34, "excluded_lines": 0, "percent_statements_covered": 60.0, "percent_statements_covered_display": "60"}, "missing_lines": [22, 23, 24, 25, 27, 31, 32, 33, 34, 36, 108, 109, 110, 111, 112, 113, 114, 115, 117, 120, 121, 124, 125, 126, 127, 128, 129, 130, 131, 132, 136, 137, 138, 140], "excluded_lines": [], "functions": {"_run_retention": {"executed_lines": [], "summary": {"covered_lines": 0, "num_statements": 5, "percent_covered": 0.0, "percent_covered_display": "0", "missing_lines": 5, "excluded_lines": 0, "percent_statements_covered": 0.0, "percent_statements_covered_display": "0"}, "missing_lines": [22, 23, 24, 25, 27], "excluded_lines": [], "start_line": 21}, "_run_oil_price": {"executed_lines": [], "summary": {"covered_lines": 0, "num_statements": 5, "percent_covered": 0.0, "percent_covered_display": "0", "missing_lines": 5, "excluded_lines": 0, "percent_statements_covered": 0.0, "percent_statements_covered_display": "0"}, "missing_lines": [31, 32, 33, 34, 36], "excluded_lines": [], "start_line": 30}, "lifespan": {"executed_lines": [42, 45, 46, 47, 48, 50, 52, 53], "summary": {"covered_lines": 8, "num_statements": 8, "percent_covered": 100.0, "percent_covered_display": "100", "missing_lines": 0, "excluded_lines": 0, "percent_statements_covered": 100.0, "percent_statements_covered_display": "100"}, "missing_lines": [], "excluded_lines": [], "start_line": 40}, "request_id_middleware": {"executed_lines": [77, 78, 79, 80], "summary": {"covered_lines": 4, "num_statements": 4, "percent_covered": 100.0, "percent_covered_display": "100", "missing_lines": 0, "excluded_lines": 0, "percent_statements_covered": 100.0, "percent_statements_covered_display": "100"}, "missing_lines": [], "excluded_lines": [], "start_line": 76}, "health": {"executed_lines": [], "summary": {"covered_lines": 0, "num_statements": 24, "percent_covered": 0.0, "percent_covered_display": "0", "missing_lines": 24, "excluded_lines": 0, "percent_statements_covered": 0.0, "percent_statements_covered_display": "0"}, "missing_lines": [108, 109, 110, 111, 112, 113, 114, 115, 117, 120, 121, 124, 125, 126, 127, 128, 129, 130, 131, 132, 136, 137, 138, 140], "excluded_lines": [], "start_line": 106}, "": {"executed_lines": [1, 2, 3, 4, 5, 7, 8, 9, 10, 12, 13, 15, 16, 18, 21, 30, 39, 40, 56, 65, 75, 76, 83, 85, 86, 87, 88, 89, 90, 91, 92, 95, 96, 99, 100, 101, 102, 105, 106], "summary": {"covered_lines": 39, "num_statements": 39, "percent_covered": 100.0, "percent_covered_display": "100", "missing_lines": 0, "excluded_lines": 0, "percent_statements_covered": 100.0, "percent_statements_covered_display": "100"}, "missing_lines": [], "excluded_lines": [], "start_line": 1}}, "classes": {"": {"executed_lines": [1, 2, 3, 4, 5, 7, 8, 9, 10, 12, 13, 15, 16, 18, 21, 30, 39, 40, 42, 45, 46, 47, 48, 50, 52, 53, 56, 65, 75, 76, 77, 78, 79, 80, 83, 85, 86, 87, 88, 89, 90, 91, 92, 95, 96, 99, 100, 101, 102, 105, 106], "summary": {"covered_lines": 51, "num_statements": 85, "percent_covered": 60.0, "percent_covered_display": "60", "missing_lines": 34, "excluded_lines": 0, "percent_statements_covered": 60.0, "percent_statements_covered_display": "60"}, "missing_lines": [22, 23, 24, 25, 27, 31, 32, 33, 34, 36, 108, 109, 110, 111, 112, 113, 114, 115, 117, 120, 121, 124, 125, 126, 127, 128, 129, 130, 131, 132, 136, 137, 138, 140], "excluded_lines": [], "start_line": 1}}}, "app/models.py": {"executed_lines": [1, 2, 3, 5, 20, 21, 22, 23, 25, 28, 29, 34, 39, 40, 41, 42, 43, 46, 47, 48, 49, 52, 53, 54, 55, 58, 59, 60, 61, 64, 65, 66, 67, 68, 71, 72, 73, 74, 75, 78, 79, 80, 81, 84, 85, 86, 87, 92, 93, 95, 96, 97, 98, 99, 100, 101, 102, 103, 105, 108, 109, 111, 112, 113, 116, 117, 119, 120, 121, 122, 123, 124, 126, 127, 128, 131, 132, 133, 135, 136, 137, 138, 140, 141, 144, 145, 147, 148, 149, 150, 151, 152, 153, 154, 155, 156, 158, 159, 160, 162, 163, 164, 165, 167, 168, 172, 173, 174, 180, 181, 182, 183, 184, 185, 186, 187, 188, 190, 193, 194, 196, 197, 198, 199, 200, 202, 205, 206, 208, 209, 210, 211, 212, 213, 214, 215, 216, 218, 221, 222, 223, 225, 226, 227, 228, 229, 232, 238, 240, 241, 242], "summary": {"covered_lines": 151, "num_statements": 152, "percent_covered": 99.34210526315789, "percent_covered_display": "99", "missing_lines": 1, "excluded_lines": 0, "percent_statements_covered": 99.34210526315789, "percent_statements_covered_display": "99"}, "missing_lines": [169], "excluded_lines": [], "functions": {"utcnow": {"executed_lines": [29], "summary": {"covered_lines": 1, "num_statements": 1, "percent_covered": 100.0, "percent_covered_display": "100", "missing_lines": 0, "excluded_lines": 0, "percent_statements_covered": 100.0, "percent_statements_covered_display": "100"}, "missing_lines": [], "excluded_lines": [], "start_line": 28}, "Meter.is_replaced": {"executed_lines": [], "summary": {"covered_lines": 0, "num_statements": 1, "percent_covered": 0.0, "percent_covered_display": "0", "missing_lines": 1, "excluded_lines": 0, "percent_statements_covered": 0.0, "percent_statements_covered_display": "0"}, "missing_lines": [169], "excluded_lines": [], "start_line": 168}, "": {"executed_lines": [1, 2, 3, 5, 20, 21, 22, 23, 25, 28, 34, 39, 40, 41, 42, 43, 46, 47, 48, 49, 52, 53, 54, 55, 58, 59, 60, 61, 64, 65, 66, 67, 68, 71, 72, 73, 74, 75, 78, 79, 80, 81, 84, 85, 86, 87, 92, 93, 95, 96, 97, 98, 99, 100, 101, 102, 103, 105, 108, 109, 111, 112, 113, 116, 117, 119, 120, 121, 122, 123, 124, 126, 127, 128, 131, 132, 133, 135, 136, 137, 138, 140, 141, 144, 145, 147, 148, 149, 150, 151, 152, 153, 154, 155, 156, 158, 159, 160, 162, 163, 164, 165, 167, 168, 172, 173, 174, 180, 181, 182, 183, 184, 185, 186, 187, 188, 190, 193, 194, 196, 197, 198, 199, 200, 202, 205, 206, 208, 209, 210, 211, 212, 213, 214, 215, 216, 218, 221, 222, 223, 225, 226, 227, 228, 229, 232, 238, 240, 241, 242], "summary": {"covered_lines": 150, "num_statements": 150, "percent_covered": 100.0, "percent_covered_display": "100", "missing_lines": 0, "excluded_lines": 0, "percent_statements_covered": 100.0, "percent_statements_covered_display": "100"}, "missing_lines": [], "excluded_lines": [], "start_line": 1}}, "classes": {"UserRole": {"executed_lines": [], "summary": {"covered_lines": 0, "num_statements": 0, "percent_covered": 100.0, "percent_covered_display": "100", "missing_lines": 0, "excluded_lines": 0, "percent_statements_covered": 100.0, "percent_statements_covered_display": "100"}, "missing_lines": [], "excluded_lines": [], "start_line": 39}, "PropertyUserRole": {"executed_lines": [], "summary": {"covered_lines": 0, "num_statements": 0, "percent_covered": 100.0, "percent_covered_display": "100", "missing_lines": 0, "excluded_lines": 0, "percent_statements_covered": 100.0, "percent_statements_covered_display": "100"}, "missing_lines": [], "excluded_lines": [], "start_line": 46}, "MeterType": {"executed_lines": [], "summary": {"covered_lines": 0, "num_statements": 0, "percent_covered": 100.0, "percent_covered_display": "100", "missing_lines": 0, "excluded_lines": 0, "percent_statements_covered": 100.0, "percent_statements_covered_display": "100"}, "missing_lines": [], "excluded_lines": [], "start_line": 52}, "MeterUnit": {"executed_lines": [], "summary": {"covered_lines": 0, "num_statements": 0, "percent_covered": 100.0, "percent_covered_display": "100", "missing_lines": 0, "excluded_lines": 0, "percent_statements_covered": 100.0, "percent_statements_covered_display": "100"}, "missing_lines": [], "excluded_lines": [], "start_line": 58}, "IntegrationType": {"executed_lines": [], "summary": {"covered_lines": 0, "num_statements": 0, "percent_covered": 100.0, "percent_covered_display": "100", "missing_lines": 0, "excluded_lines": 0, "percent_statements_covered": 100.0, "percent_statements_covered_display": "100"}, "missing_lines": [], "excluded_lines": [], "start_line": 64}, "PropertyType": {"executed_lines": [], "summary": {"covered_lines": 0, "num_statements": 0, "percent_covered": 100.0, "percent_covered_display": "100", "missing_lines": 0, "excluded_lines": 0, "percent_statements_covered": 100.0, "percent_statements_covered_display": "100"}, "missing_lines": [], "excluded_lines": [], "start_line": 71}, "ReadingSource": {"executed_lines": [], "summary": {"covered_lines": 0, "num_statements": 0, "percent_covered": 100.0, "percent_covered_display": "100", "missing_lines": 0, "excluded_lines": 0, "percent_statements_covered": 100.0, "percent_statements_covered_display": "100"}, "missing_lines": [], "excluded_lines": [], "start_line": 78}, "OilPriceSource": {"executed_lines": [], "summary": {"covered_lines": 0, "num_statements": 0, "percent_covered": 100.0, "percent_covered_display": "100", "missing_lines": 0, "excluded_lines": 0, "percent_statements_covered": 100.0, "percent_statements_covered_display": "100"}, "missing_lines": [], "excluded_lines": [], "start_line": 84}, "User": {"executed_lines": [], "summary": {"covered_lines": 0, "num_statements": 0, "percent_covered": 100.0, "percent_covered_display": "100", "missing_lines": 0, "excluded_lines": 0, "percent_statements_covered": 100.0, "percent_statements_covered_display": "100"}, "missing_lines": [], "excluded_lines": [], "start_line": 92}, "LdapRoleMapping": {"executed_lines": [], "summary": {"covered_lines": 0, "num_statements": 0, "percent_covered": 100.0, "percent_covered_display": "100", "missing_lines": 0, "excluded_lines": 0, "percent_statements_covered": 100.0, "percent_statements_covered_display": "100"}, "missing_lines": [], "excluded_lines": [], "start_line": 108}, "Property": {"executed_lines": [], "summary": {"covered_lines": 0, "num_statements": 0, "percent_covered": 100.0, "percent_covered_display": "100", "missing_lines": 0, "excluded_lines": 0, "percent_statements_covered": 100.0, "percent_statements_covered_display": "100"}, "missing_lines": [], "excluded_lines": [], "start_line": 116}, "PropertyUser": {"executed_lines": [], "summary": {"covered_lines": 0, "num_statements": 0, "percent_covered": 100.0, "percent_covered_display": "100", "missing_lines": 0, "excluded_lines": 0, "percent_statements_covered": 100.0, "percent_statements_covered_display": "100"}, "missing_lines": [], "excluded_lines": [], "start_line": 131}, "Meter": {"executed_lines": [], "summary": {"covered_lines": 0, "num_statements": 1, "percent_covered": 0.0, "percent_covered_display": "0", "missing_lines": 1, "excluded_lines": 0, "percent_statements_covered": 0.0, "percent_statements_covered_display": "0"}, "missing_lines": [169], "excluded_lines": [], "start_line": 144}, "Reading": {"executed_lines": [], "summary": {"covered_lines": 0, "num_statements": 0, "percent_covered": 100.0, "percent_covered_display": "100", "missing_lines": 0, "excluded_lines": 0, "percent_statements_covered": 100.0, "percent_statements_covered_display": "100"}, "missing_lines": [], "excluded_lines": [], "start_line": 172}, "PriceEntry": {"executed_lines": [], "summary": {"covered_lines": 0, "num_statements": 0, "percent_covered": 100.0, "percent_covered_display": "100", "missing_lines": 0, "excluded_lines": 0, "percent_statements_covered": 100.0, "percent_statements_covered_display": "100"}, "missing_lines": [], "excluded_lines": [], "start_line": 193}, "OilDelivery": {"executed_lines": [], "summary": {"covered_lines": 0, "num_statements": 0, "percent_covered": 100.0, "percent_covered_display": "100", "missing_lines": 0, "excluded_lines": 0, "percent_statements_covered": 100.0, "percent_statements_covered_display": "100"}, "missing_lines": [], "excluded_lines": [], "start_line": 205}, "OilMarketPrice": {"executed_lines": [], "summary": {"covered_lines": 0, "num_statements": 0, "percent_covered": 100.0, "percent_covered_display": "100", "missing_lines": 0, "excluded_lines": 0, "percent_statements_covered": 100.0, "percent_statements_covered_display": "100"}, "missing_lines": [], "excluded_lines": [], "start_line": 221}, "OidcPkceState": {"executed_lines": [], "summary": {"covered_lines": 0, "num_statements": 0, "percent_covered": 100.0, "percent_covered_display": "100", "missing_lines": 0, "excluded_lines": 0, "percent_statements_covered": 100.0, "percent_statements_covered_display": "100"}, "missing_lines": [], "excluded_lines": [], "start_line": 232}, "": {"executed_lines": [1, 2, 3, 5, 20, 21, 22, 23, 25, 28, 29, 34, 39, 40, 41, 42, 43, 46, 47, 48, 49, 52, 53, 54, 55, 58, 59, 60, 61, 64, 65, 66, 67, 68, 71, 72, 73, 74, 75, 78, 79, 80, 81, 84, 85, 86, 87, 92, 93, 95, 96, 97, 98, 99, 100, 101, 102, 103, 105, 108, 109, 111, 112, 113, 116, 117, 119, 120, 121, 122, 123, 124, 126, 127, 128, 131, 132, 133, 135, 136, 137, 138, 140, 141, 144, 145, 147, 148, 149, 150, 151, 152, 153, 154, 155, 156, 158, 159, 160, 162, 163, 164, 165, 167, 168, 172, 173, 174, 180, 181, 182, 183, 184, 185, 186, 187, 188, 190, 193, 194, 196, 197, 198, 199, 200, 202, 205, 206, 208, 209, 210, 211, 212, 213, 214, 215, 216, 218, 221, 222, 223, 225, 226, 227, 228, 229, 232, 238, 240, 241, 242], "summary": {"covered_lines": 151, "num_statements": 151, "percent_covered": 100.0, "percent_covered_display": "100", "missing_lines": 0, "excluded_lines": 0, "percent_statements_covered": 100.0, "percent_statements_covered_display": "100"}, "missing_lines": [], "excluded_lines": [], "start_line": 1}}}, "app/routers/__init__.py": {"executed_lines": [], "summary": {"covered_lines": 0, "num_statements": 0, "percent_covered": 100.0, "percent_covered_display": "100", "missing_lines": 0, "excluded_lines": 0, "percent_statements_covered": 100.0, "percent_statements_covered_display": "100"}, "missing_lines": [], "excluded_lines": [], "functions": {"": {"executed_lines": [], "summary": {"covered_lines": 0, "num_statements": 0, "percent_covered": 100.0, "percent_covered_display": "100", "missing_lines": 0, "excluded_lines": 0, "percent_statements_covered": 100.0, "percent_statements_covered_display": "100"}, "missing_lines": [], "excluded_lines": [], "start_line": 1}}, "classes": {"": {"executed_lines": [], "summary": {"covered_lines": 0, "num_statements": 0, "percent_covered": 100.0, "percent_covered_display": "100", "missing_lines": 0, "excluded_lines": 0, "percent_statements_covered": 100.0, "percent_statements_covered_display": "100"}, "missing_lines": [], "excluded_lines": [], "start_line": 1}}}, "app/routers/admin.py": {"executed_lines": [5, 6, 8, 9, 11, 12, 13, 14, 21, 24, 25, 29, 32, 33, 40, 41, 42, 43, 45, 46, 47, 48, 49, 50, 51, 54, 55, 60, 61, 62, 63, 64, 65, 66, 71, 72, 76, 79, 80, 85, 86, 87, 88, 89, 90, 91, 92, 93, 94, 95, 98, 99, 104, 105, 106, 107, 108], "summary": {"covered_lines": 57, "num_statements": 57, "percent_covered": 100.0, "percent_covered_display": "100", "missing_lines": 0, "excluded_lines": 0, "percent_statements_covered": 100.0, "percent_statements_covered_display": "100"}, "missing_lines": [], "excluded_lines": [], "functions": {"list_users": {"executed_lines": [29], "summary": {"covered_lines": 1, "num_statements": 1, "percent_covered": 100.0, "percent_covered_display": "100", "missing_lines": 0, "excluded_lines": 0, "percent_statements_covered": 100.0, "percent_statements_covered_display": "100"}, "missing_lines": [], "excluded_lines": [], "start_line": 25}, "set_user_role": {"executed_lines": [40, 41, 42, 43, 45, 46, 47, 48, 49, 50, 51], "summary": {"covered_lines": 11, "num_statements": 11, "percent_covered": 100.0, "percent_covered_display": "100", "missing_lines": 0, "excluded_lines": 0, "percent_statements_covered": 100.0, "percent_statements_covered_display": "100"}, "missing_lines": [], "excluded_lines": [], "start_line": 33}, "delete_user": {"executed_lines": [60, 61, 62, 63, 64, 65, 66], "summary": {"covered_lines": 7, "num_statements": 7, "percent_covered": 100.0, "percent_covered_display": "100", "missing_lines": 0, "excluded_lines": 0, "percent_statements_covered": 100.0, "percent_statements_covered_display": "100"}, "missing_lines": [], "excluded_lines": [], "start_line": 55}, "list_ldap_mappings": {"executed_lines": [76], "summary": {"covered_lines": 1, "num_statements": 1, "percent_covered": 100.0, "percent_covered_display": "100", "missing_lines": 0, "excluded_lines": 0, "percent_statements_covered": 100.0, "percent_statements_covered_display": "100"}, "missing_lines": [], "excluded_lines": [], "start_line": 72}, "create_ldap_mapping": {"executed_lines": [85, 86, 87, 88, 89, 90, 91, 92, 93, 94, 95], "summary": {"covered_lines": 11, "num_statements": 11, "percent_covered": 100.0, "percent_covered_display": "100", "missing_lines": 0, "excluded_lines": 0, "percent_statements_covered": 100.0, "percent_statements_covered_display": "100"}, "missing_lines": [], "excluded_lines": [], "start_line": 80}, "delete_ldap_mapping": {"executed_lines": [104, 105, 106, 107, 108], "summary": {"covered_lines": 5, "num_statements": 5, "percent_covered": 100.0, "percent_covered_display": "100", "missing_lines": 0, "excluded_lines": 0, "percent_statements_covered": 100.0, "percent_statements_covered_display": "100"}, "missing_lines": [], "excluded_lines": [], "start_line": 99}, "": {"executed_lines": [5, 6, 8, 9, 11, 12, 13, 14, 21, 24, 25, 32, 33, 54, 55, 71, 72, 79, 80, 98, 99], "summary": {"covered_lines": 21, "num_statements": 21, "percent_covered": 100.0, "percent_covered_display": "100", "missing_lines": 0, "excluded_lines": 0, "percent_statements_covered": 100.0, "percent_statements_covered_display": "100"}, "missing_lines": [], "excluded_lines": [], "start_line": 1}}, "classes": {"": {"executed_lines": [5, 6, 8, 9, 11, 12, 13, 14, 21, 24, 25, 29, 32, 33, 40, 41, 42, 43, 45, 46, 47, 48, 49, 50, 51, 54, 55, 60, 61, 62, 63, 64, 65, 66, 71, 72, 76, 79, 80, 85, 86, 87, 88, 89, 90, 91, 92, 93, 94, 95, 98, 99, 104, 105, 106, 107, 108], "summary": {"covered_lines": 57, "num_statements": 57, "percent_covered": 100.0, "percent_covered_display": "100", "missing_lines": 0, "excluded_lines": 0, "percent_statements_covered": 100.0, "percent_statements_covered_display": "100"}, "missing_lines": [], "excluded_lines": [], "start_line": 1}}}, "app/routers/auth.py": {"executed_lines": [1, 2, 3, 4, 5, 6, 7, 9, 10, 11, 12, 14, 21, 22, 23, 24, 26, 29, 30, 31, 34, 51, 58, 65, 66, 89, 90, 143, 144, 149, 154, 156, 157, 158, 164, 165, 166, 168, 169, 172, 173, 174, 182, 183], "summary": {"covered_lines": 44, "num_statements": 94, "percent_covered": 46.808510638297875, "percent_covered_display": "47", "missing_lines": 50, "excluded_lines": 0, "percent_statements_covered": 46.808510638297875, "percent_statements_covered_display": "47"}, "missing_lines": [36, 37, 42, 43, 44, 45, 46, 47, 48, 52, 53, 54, 55, 60, 61, 62, 68, 69, 70, 72, 73, 74, 76, 85, 86, 96, 97, 98, 101, 102, 103, 104, 105, 107, 108, 109, 111, 112, 113, 124, 125, 127, 129, 133, 134, 136, 137, 139, 140, 186], "excluded_lines": [], "functions": {"_oidc_config": {"executed_lines": [], "summary": {"covered_lines": 0, "num_statements": 9, "percent_covered": 0.0, "percent_covered_display": "0", "missing_lines": 9, "excluded_lines": 0, "percent_statements_covered": 0.0, "percent_statements_covered_display": "0"}, "missing_lines": [36, 37, 42, 43, 44, 45, 46, 47, 48], "excluded_lines": [], "start_line": 34}, "_pkce_pair": {"executed_lines": [], "summary": {"covered_lines": 0, "num_statements": 4, "percent_covered": 0.0, "percent_covered_display": "0", "missing_lines": 4, "excluded_lines": 0, "percent_statements_covered": 0.0, "percent_statements_covered_display": "0"}, "missing_lines": [52, 53, 54, 55], "excluded_lines": [], "start_line": 51}, "_cleanup_expired_pkce": {"executed_lines": [], "summary": {"covered_lines": 0, "num_statements": 3, "percent_covered": 0.0, "percent_covered_display": "0", "missing_lines": 3, "excluded_lines": 0, "percent_statements_covered": 0.0, "percent_statements_covered_display": "0"}, "missing_lines": [60, 61, 62], "excluded_lines": [], "start_line": 58}, "login": {"executed_lines": [], "summary": {"covered_lines": 0, "num_statements": 9, "percent_covered": 0.0, "percent_covered_display": "0", "missing_lines": 9, "excluded_lines": 0, "percent_statements_covered": 0.0, "percent_statements_covered_display": "0"}, "missing_lines": [68, 69, 70, 72, 73, 74, 76, 85, 86], "excluded_lines": [], "start_line": 66}, "callback": {"executed_lines": [], "summary": {"covered_lines": 0, "num_statements": 24, "percent_covered": 0.0, "percent_covered_display": "0", "missing_lines": 24, "excluded_lines": 0, "percent_statements_covered": 0.0, "percent_statements_covered_display": "0"}, "missing_lines": [96, 97, 98, 101, 102, 103, 104, 105, 107, 108, 109, 111, 112, 113, 124, 125, 127, 129, 133, 134, 136, 137, 139, 140], "excluded_lines": [], "start_line": 90}, "superadmin_login": {"executed_lines": [149, 154, 156, 157, 158, 164, 165, 166, 168, 169], "summary": {"covered_lines": 10, "num_statements": 10, "percent_covered": 100.0, "percent_covered_display": "100", "missing_lines": 0, "excluded_lines": 0, "percent_statements_covered": 100.0, "percent_statements_covered_display": "100"}, "missing_lines": [], "excluded_lines": [], "start_line": 144}, "me": {"executed_lines": [174], "summary": {"covered_lines": 1, "num_statements": 1, "percent_covered": 100.0, "percent_covered_display": "100", "missing_lines": 0, "excluded_lines": 0, "percent_statements_covered": 100.0, "percent_statements_covered_display": "100"}, "missing_lines": [], "excluded_lines": [], "start_line": 173}, "logout": {"executed_lines": [], "summary": {"covered_lines": 0, "num_statements": 1, "percent_covered": 0.0, "percent_covered_display": "0", "missing_lines": 1, "excluded_lines": 0, "percent_statements_covered": 0.0, "percent_statements_covered_display": "0"}, "missing_lines": [186], "excluded_lines": [], "start_line": 183}, "": {"executed_lines": [1, 2, 3, 4, 5, 6, 7, 9, 10, 11, 12, 14, 21, 22, 23, 24, 26, 29, 30, 31, 34, 51, 58, 65, 66, 89, 90, 143, 144, 172, 173, 182, 183], "summary": {"covered_lines": 33, "num_statements": 33, "percent_covered": 100.0, "percent_covered_display": "100", "missing_lines": 0, "excluded_lines": 0, "percent_statements_covered": 100.0, "percent_statements_covered_display": "100"}, "missing_lines": [], "excluded_lines": [], "start_line": 1}}, "classes": {"": {"executed_lines": [1, 2, 3, 4, 5, 6, 7, 9, 10, 11, 12, 14, 21, 22, 23, 24, 26, 29, 30, 31, 34, 51, 58, 65, 66, 89, 90, 143, 144, 149, 154, 156, 157, 158, 164, 165, 166, 168, 169, 172, 173, 174, 182, 183], "summary": {"covered_lines": 44, "num_statements": 94, "percent_covered": 46.808510638297875, "percent_covered_display": "47", "missing_lines": 50, "excluded_lines": 0, "percent_statements_covered": 46.808510638297875, "percent_statements_covered_display": "47"}, "missing_lines": [36, 37, 42, 43, 44, 45, 46, 47, 48, 52, 53, 54, 55, 60, 61, 62, 68, 69, 70, 72, 73, 74, 76, 85, 86, 96, 97, 98, 101, 102, 103, 104, 105, 107, 108, 109, 111, 112, 113, 124, 125, 127, 129, 133, 134, 136, 137, 139, 140, 186], "excluded_lines": [], "start_line": 1}}}, "app/routers/dashboard.py": {"executed_lines": [1, 2, 3, 4, 6, 7, 8, 10, 11, 12, 16, 18, 21, 30, 31, 37, 38, 40, 41, 42, 43, 44, 45, 46, 48, 49, 50, 51, 52, 53, 54, 56, 57, 58, 61, 62, 63, 64, 65, 68, 69, 74, 76, 82, 83, 84, 90, 91, 105, 106, 107, 108, 109, 115, 116, 117, 118, 120, 123, 128, 130, 144, 145, 153, 154, 155, 156, 158, 159, 160, 161, 163, 164, 166, 168, 170, 171, 172, 173, 174, 175, 184, 187, 188, 198, 199, 200, 201, 203, 204, 205, 206, 209, 210, 217, 218, 220, 221, 222, 225, 231, 233, 234, 235, 236, 237, 238, 247, 250, 251, 257, 259, 260, 261, 263, 264, 265, 267, 273, 276, 283, 284, 285, 291, 296, 297, 303, 308, 309, 316, 317, 319, 320, 321, 322, 324], "summary": {"covered_lines": 136, "num_statements": 140, "percent_covered": 97.14285714285714, "percent_covered_display": "97", "missing_lines": 4, "excluded_lines": 0, "percent_statements_covered": 97.14285714285714, "percent_statements_covered_display": "97"}, "missing_lines": [165, 167, 292, 298], "excluded_lines": [], "functions": {"_avg_daily_consumption_365d": {"executed_lines": [30, 31, 37, 38, 40, 41, 42, 43, 44, 45, 46, 48, 49, 50, 51, 52, 53, 54, 56, 57, 58], "summary": {"covered_lines": 21, "num_statements": 21, "percent_covered": 100.0, "percent_covered_display": "100", "missing_lines": 0, "excluded_lines": 0, "percent_statements_covered": 100.0, "percent_statements_covered_display": "100"}, "missing_lines": [], "excluded_lines": [], "start_line": 21}, "_accessible_property_ids": {"executed_lines": [62, 63, 64, 65], "summary": {"covered_lines": 4, "num_statements": 4, "percent_covered": 100.0, "percent_covered_display": "100", "missing_lines": 0, "excluded_lines": 0, "percent_statements_covered": 100.0, "percent_statements_covered_display": "100"}, "missing_lines": [], "excluded_lines": [], "start_line": 61}, "dashboard_summary": {"executed_lines": [74, 76, 82, 83, 84, 90, 91, 105, 106, 107, 108, 109, 115, 116, 117, 118, 120, 123, 128, 130], "summary": {"covered_lines": 20, "num_statements": 20, "percent_covered": 100.0, "percent_covered_display": "100", "missing_lines": 0, "excluded_lines": 0, "percent_statements_covered": 100.0, "percent_statements_covered_display": "100"}, "missing_lines": [], "excluded_lines": [], "start_line": 69}, "meter_consumption": {"executed_lines": [153, 154, 155, 156, 158, 159, 160, 161, 163, 164, 166, 168, 170, 171, 172, 173, 174, 175, 184], "summary": {"covered_lines": 19, "num_statements": 21, "percent_covered": 90.47619047619048, "percent_covered_display": "90", "missing_lines": 2, "excluded_lines": 0, "percent_statements_covered": 90.47619047619048, "percent_statements_covered_display": "90"}, "missing_lines": [165, 167], "excluded_lines": [], "start_line": 145}, "cost_forecast": {"executed_lines": [198, 199, 200, 201, 203, 204, 205, 206, 209, 210, 217, 218, 220, 221, 222, 225, 231, 233, 234, 235, 236, 237, 238, 247], "summary": {"covered_lines": 24, "num_statements": 24, "percent_covered": 100.0, "percent_covered_display": "100", "missing_lines": 0, "excluded_lines": 0, "percent_statements_covered": 100.0, "percent_statements_covered_display": "100"}, "missing_lines": [], "excluded_lines": [], "start_line": 188}, "property_type_aggregates": {"executed_lines": [257, 259, 260, 261, 263, 264, 265, 267, 273, 276, 283, 284, 285, 291, 296, 297, 303, 308, 309, 316, 317, 319, 320, 321, 322, 324], "summary": {"covered_lines": 26, "num_statements": 28, "percent_covered": 92.85714285714286, "percent_covered_display": "93", "missing_lines": 2, "excluded_lines": 0, "percent_statements_covered": 92.85714285714286, "percent_statements_covered_display": "93"}, "missing_lines": [292, 298], "excluded_lines": [], "start_line": 251}, "": {"executed_lines": [1, 2, 3, 4, 6, 7, 8, 10, 11, 12, 16, 18, 21, 61, 68, 69, 144, 145, 187, 188, 250, 251], "summary": {"covered_lines": 22, "num_statements": 22, "percent_covered": 100.0, "percent_covered_display": "100", "missing_lines": 0, "excluded_lines": 0, "percent_statements_covered": 100.0, "percent_statements_covered_display": "100"}, "missing_lines": [], "excluded_lines": [], "start_line": 1}}, "classes": {"": {"executed_lines": [1, 2, 3, 4, 6, 7, 8, 10, 11, 12, 16, 18, 21, 30, 31, 37, 38, 40, 41, 42, 43, 44, 45, 46, 48, 49, 50, 51, 52, 53, 54, 56, 57, 58, 61, 62, 63, 64, 65, 68, 69, 74, 76, 82, 83, 84, 90, 91, 105, 106, 107, 108, 109, 115, 116, 117, 118, 120, 123, 128, 130, 144, 145, 153, 154, 155, 156, 158, 159, 160, 161, 163, 164, 166, 168, 170, 171, 172, 173, 174, 175, 184, 187, 188, 198, 199, 200, 201, 203, 204, 205, 206, 209, 210, 217, 218, 220, 221, 222, 225, 231, 233, 234, 235, 236, 237, 238, 247, 250, 251, 257, 259, 260, 261, 263, 264, 265, 267, 273, 276, 283, 284, 285, 291, 296, 297, 303, 308, 309, 316, 317, 319, 320, 321, 322, 324], "summary": {"covered_lines": 136, "num_statements": 140, "percent_covered": 97.14285714285714, "percent_covered_display": "97", "missing_lines": 4, "excluded_lines": 0, "percent_statements_covered": 97.14285714285714, "percent_statements_covered_display": "97"}, "missing_lines": [165, 167, 292, 298], "excluded_lines": [], "start_line": 1}}}, "app/routers/meters.py": {"executed_lines": [1, 2, 4, 5, 7, 8, 9, 10, 12, 15, 16, 17, 18, 19, 22, 23, 24, 25, 30, 31, 34, 35, 36, 37, 46, 47, 50, 51, 57, 58, 59, 60, 61, 62, 65, 66, 72, 73, 74, 75, 76, 77, 78, 81, 82, 88, 89, 90, 91, 92, 93, 96, 97, 104, 105, 106, 107, 109, 110, 111, 112, 113, 116, 117, 123, 124, 125, 126, 128, 129], "summary": {"covered_lines": 70, "num_statements": 72, "percent_covered": 97.22222222222223, "percent_covered_display": "97", "missing_lines": 2, "excluded_lines": 0, "percent_statements_covered": 97.22222222222223, "percent_statements_covered_display": "97"}, "missing_lines": [108, 127], "excluded_lines": [], "functions": {"_property_or_404": {"executed_lines": [16, 17, 18, 19], "summary": {"covered_lines": 4, "num_statements": 4, "percent_covered": 100.0, "percent_covered_display": "100", "missing_lines": 0, "excluded_lines": 0, "percent_statements_covered": 100.0, "percent_statements_covered_display": "100"}, "missing_lines": [], "excluded_lines": [], "start_line": 15}, "_check_read": {"executed_lines": [23, 24, 25, 30, 31], "summary": {"covered_lines": 5, "num_statements": 5, "percent_covered": 100.0, "percent_covered_display": "100", "missing_lines": 0, "excluded_lines": 0, "percent_statements_covered": 100.0, "percent_statements_covered_display": "100"}, "missing_lines": [], "excluded_lines": [], "start_line": 22}, "_check_write": {"executed_lines": [35, 36, 37, 46, 47], "summary": {"covered_lines": 5, "num_statements": 5, "percent_covered": 100.0, "percent_covered_display": "100", "missing_lines": 0, "excluded_lines": 0, "percent_statements_covered": 100.0, "percent_statements_covered_display": "100"}, "missing_lines": [], "excluded_lines": [], "start_line": 34}, "list_meters": {"executed_lines": [57, 58, 59, 60, 61, 62], "summary": {"covered_lines": 6, "num_statements": 6, "percent_covered": 100.0, "percent_covered_display": "100", "missing_lines": 0, "excluded_lines": 0, "percent_statements_covered": 100.0, "percent_statements_covered_display": "100"}, "missing_lines": [], "excluded_lines": [], "start_line": 51}, "create_meter": {"executed_lines": [72, 73, 74, 75, 76, 77, 78], "summary": {"covered_lines": 7, "num_statements": 7, "percent_covered": 100.0, "percent_covered_display": "100", "missing_lines": 0, "excluded_lines": 0, "percent_statements_covered": 100.0, "percent_statements_covered_display": "100"}, "missing_lines": [], "excluded_lines": [], "start_line": 66}, "get_meter": {"executed_lines": [88, 89, 90, 91, 92, 93], "summary": {"covered_lines": 6, "num_statements": 6, "percent_covered": 100.0, "percent_covered_display": "100", "missing_lines": 0, "excluded_lines": 0, "percent_statements_covered": 100.0, "percent_statements_covered_display": "100"}, "missing_lines": [], "excluded_lines": [], "start_line": 82}, "update_meter": {"executed_lines": [104, 105, 106, 107, 109, 110, 111, 112, 113], "summary": {"covered_lines": 9, "num_statements": 10, "percent_covered": 90.0, "percent_covered_display": "90", "missing_lines": 1, "excluded_lines": 0, "percent_statements_covered": 90.0, "percent_statements_covered_display": "90"}, "missing_lines": [108], "excluded_lines": [], "start_line": 97}, "delete_meter": {"executed_lines": [123, 124, 125, 126, 128, 129], "summary": {"covered_lines": 6, "num_statements": 7, "percent_covered": 85.71428571428571, "percent_covered_display": "86", "missing_lines": 1, "excluded_lines": 0, "percent_statements_covered": 85.71428571428571, "percent_statements_covered_display": "86"}, "missing_lines": [127], "excluded_lines": [], "start_line": 117}, "": {"executed_lines": [1, 2, 4, 5, 7, 8, 9, 10, 12, 15, 22, 34, 50, 51, 65, 66, 81, 82, 96, 97, 116, 117], "summary": {"covered_lines": 22, "num_statements": 22, "percent_covered": 100.0, "percent_covered_display": "100", "missing_lines": 0, "excluded_lines": 0, "percent_statements_covered": 100.0, "percent_statements_covered_display": "100"}, "missing_lines": [], "excluded_lines": [], "start_line": 1}}, "classes": {"": {"executed_lines": [1, 2, 4, 5, 7, 8, 9, 10, 12, 15, 16, 17, 18, 19, 22, 23, 24, 25, 30, 31, 34, 35, 36, 37, 46, 47, 50, 51, 57, 58, 59, 60, 61, 62, 65, 66, 72, 73, 74, 75, 76, 77, 78, 81, 82, 88, 89, 90, 91, 92, 93, 96, 97, 104, 105, 106, 107, 109, 110, 111, 112, 113, 116, 117, 123, 124, 125, 126, 128, 129], "summary": {"covered_lines": 70, "num_statements": 72, "percent_covered": 97.22222222222223, "percent_covered_display": "97", "missing_lines": 2, "excluded_lines": 0, "percent_statements_covered": 97.22222222222223, "percent_statements_covered_display": "97"}, "missing_lines": [108, 127], "excluded_lines": [], "start_line": 1}}}, "app/routers/ocr.py": {"executed_lines": [1, 2, 3, 4, 5, 6, 7, 8, 10, 11, 12, 13, 14, 16, 17, 18, 19, 21, 23, 26, 37, 38, 39, 42, 54, 64, 75, 76, 77, 78, 79, 81, 82, 83, 84, 85, 87, 88, 89, 91, 92, 93, 94, 95, 96, 99, 198, 201, 209, 212, 213, 216, 231, 232, 234, 236, 237, 238, 240, 241, 243, 244, 247, 248, 250, 252, 253, 254, 256, 258, 259, 260, 261, 262, 263, 265, 266, 271, 272, 273, 274, 275, 276, 277, 278, 283, 285, 286, 287, 288, 291, 382, 384, 387, 394, 395, 397, 398, 399, 401, 402, 403, 404, 405, 406, 407, 408, 410, 411, 412, 413, 414, 415, 416, 419, 422, 423, 433, 489, 529, 545, 546, 547, 582, 583, 635, 636, 653, 654, 656, 657, 658, 661, 662, 663, 666, 667, 678, 679, 680, 681, 682, 683, 691, 692, 695, 696, 697, 698, 699, 701, 704, 705, 713, 720, 723, 724, 739, 741, 742, 745, 746, 752, 754, 759, 775, 781, 782, 784, 785, 786, 788, 790, 791, 792, 804, 805, 806, 807, 808, 810, 811, 812, 813, 814, 816, 817, 818, 819, 820, 823, 825, 826, 827, 828, 831, 832, 843, 846, 848], "summary": {"covered_lines": 200, "num_statements": 431, "percent_covered": 46.403712296983755, "percent_covered_display": "46", "missing_lines": 231, "excluded_lines": 0, "percent_statements_covered": 46.403712296983755, "percent_statements_covered_display": "46"}, "missing_lines": [45, 46, 47, 48, 49, 50, 51, 56, 57, 58, 59, 60, 61, 121, 122, 123, 125, 126, 127, 129, 134, 135, 136, 141, 142, 143, 144, 146, 147, 148, 149, 152, 153, 154, 155, 156, 157, 158, 161, 162, 163, 164, 165, 166, 167, 168, 169, 172, 173, 174, 180, 181, 184, 185, 186, 187, 188, 190, 191, 192, 193, 242, 245, 280, 281, 297, 298, 299, 300, 302, 306, 307, 308, 309, 310, 311, 312, 313, 314, 316, 349, 350, 353, 354, 355, 356, 357, 358, 359, 360, 362, 363, 364, 365, 366, 367, 368, 370, 371, 372, 373, 374, 376, 377, 378, 379, 417, 441, 442, 443, 445, 446, 447, 449, 450, 451, 453, 454, 455, 456, 458, 459, 461, 462, 463, 471, 472, 474, 476, 477, 478, 479, 480, 481, 483, 484, 485, 486, 491, 492, 493, 494, 495, 496, 510, 511, 512, 514, 515, 518, 521, 525, 526, 551, 552, 554, 555, 556, 560, 561, 562, 563, 564, 567, 568, 569, 570, 572, 573, 574, 575, 576, 577, 579, 593, 594, 595, 596, 599, 600, 601, 603, 604, 612, 613, 615, 616, 618, 619, 620, 622, 625, 626, 627, 628, 629, 630, 632, 668, 669, 670, 671, 672, 673, 674, 675, 706, 707, 708, 709, 710, 711, 712, 715, 716, 717, 718, 740, 747, 760, 768, 769, 770, 833, 834, 835, 836, 837, 839, 840, 841], "excluded_lines": [], "functions": {"_is_easyocr_available": {"executed_lines": [], "summary": {"covered_lines": 0, "num_statements": 7, "percent_covered": 0.0, "percent_covered_display": "0", "missing_lines": 7, "excluded_lines": 0, "percent_statements_covered": 0.0, "percent_statements_covered_display": "0"}, "missing_lines": [45, 46, 47, 48, 49, 50, 51], "excluded_lines": [], "start_line": 42}, "_get_reader": {"executed_lines": [], "summary": {"covered_lines": 0, "num_statements": 6, "percent_covered": 0.0, "percent_covered_display": "0", "missing_lines": 6, "excluded_lines": 0, "percent_statements_covered": 0.0, "percent_statements_covered_display": "0"}, "missing_lines": [56, 57, 58, 59, 60, 61], "excluded_lines": [], "start_line": 54}, "_extract_exif_datetime": {"executed_lines": [75, 76, 77, 78, 79, 81, 82, 83, 84, 85, 87, 88, 89, 91, 92, 93, 94, 95, 96], "summary": {"covered_lines": 19, "num_statements": 19, "percent_covered": 100.0, "percent_covered_display": "100", "missing_lines": 0, "excluded_lines": 0, "percent_statements_covered": 100.0, "percent_statements_covered_display": "100"}, "missing_lines": [], "excluded_lines": [], "start_line": 64}, "_preprocess_image": {"executed_lines": [], "summary": {"covered_lines": 0, "num_statements": 48, "percent_covered": 0.0, "percent_covered_display": "0", "missing_lines": 48, "excluded_lines": 0, "percent_statements_covered": 0.0, "percent_statements_covered_display": "0"}, "missing_lines": [121, 122, 123, 125, 126, 127, 129, 134, 135, 136, 141, 142, 143, 144, 146, 147, 148, 149, 152, 153, 154, 155, 156, 157, 158, 161, 162, 163, 164, 165, 166, 167, 168, 169, 172, 173, 174, 180, 181, 184, 185, 186, 187, 188, 190, 191, 192, 193], "excluded_lines": [], "start_line": 99}, "_fix_seven_segment": {"executed_lines": [209, 212, 213], "summary": {"covered_lines": 3, "num_statements": 3, "percent_covered": 100.0, "percent_covered_display": "100", "missing_lines": 0, "excluded_lines": 0, "percent_statements_covered": 100.0, "percent_statements_covered_display": "100"}, "missing_lines": [], "excluded_lines": [], "start_line": 201}, "_extract_numeric": {"executed_lines": [231, 232, 234, 236, 237, 238, 240, 241, 243, 244, 247, 248, 250, 252, 253, 254, 256, 258, 259, 260, 261, 262, 263, 265, 266, 271, 272, 273, 274, 275, 276, 277, 278, 283, 285, 286, 287, 288], "summary": {"covered_lines": 38, "num_statements": 42, "percent_covered": 90.47619047619048, "percent_covered_display": "90", "missing_lines": 4, "excluded_lines": 0, "percent_statements_covered": 90.47619047619048, "percent_statements_covered_display": "90"}, "missing_lines": [242, 245, 280, 281], "excluded_lines": [], "start_line": 216}, "_llm_fallback": {"executed_lines": [], "summary": {"covered_lines": 0, "num_statements": 31, "percent_covered": 0.0, "percent_covered_display": "0", "missing_lines": 31, "excluded_lines": 0, "percent_statements_covered": 0.0, "percent_statements_covered_display": "0"}, "missing_lines": [297, 298, 299, 300, 302, 306, 307, 308, 309, 310, 311, 312, 313, 314, 316, 349, 350, 353, 354, 355, 356, 357, 358, 359, 360, 362, 370, 376, 377, 378, 379], "excluded_lines": [], "start_line": 291}, "_llm_fallback._clean_reading": {"executed_lines": [], "summary": {"covered_lines": 0, "num_statements": 6, "percent_covered": 0.0, "percent_covered_display": "0", "missing_lines": 6, "excluded_lines": 0, "percent_statements_covered": 0.0, "percent_statements_covered_display": "0"}, "missing_lines": [363, 364, 365, 366, 367, 368], "excluded_lines": [], "start_line": 362}, "_llm_fallback._clean_serial": {"executed_lines": [], "summary": {"covered_lines": 0, "num_statements": 4, "percent_covered": 0.0, "percent_covered_display": "0", "missing_lines": 4, "excluded_lines": 0, "percent_statements_covered": 0.0, "percent_statements_covered_display": "0"}, "missing_lines": [371, 372, 373, 374], "excluded_lines": [], "start_line": 370}, "_normalize_serial": {"executed_lines": [384], "summary": {"covered_lines": 1, "num_statements": 1, "percent_covered": 100.0, "percent_covered_display": "100", "missing_lines": 0, "excluded_lines": 0, "percent_statements_covered": 100.0, "percent_statements_covered_display": "100"}, "missing_lines": [], "excluded_lines": [], "start_line": 382}, "_match_serial_to_meters": {"executed_lines": [394, 395, 397, 398, 399, 401, 402, 403, 404, 405, 406, 407, 408, 410, 411, 412, 413, 414, 415, 416, 419], "summary": {"covered_lines": 21, "num_statements": 22, "percent_covered": 95.45454545454545, "percent_covered_display": "95", "missing_lines": 1, "excluded_lines": 0, "percent_statements_covered": 95.45454545454545, "percent_statements_covered_display": "95"}, "missing_lines": [417], "excluded_lines": [], "start_line": 387}, "_meter_to_dict": {"executed_lines": [423], "summary": {"covered_lines": 1, "num_statements": 1, "percent_covered": 100.0, "percent_covered_display": "100", "missing_lines": 0, "excluded_lines": 0, "percent_statements_covered": 100.0, "percent_statements_covered_display": "100"}, "missing_lines": [], "excluded_lines": [], "start_line": 422}, "_extract_serial_sync": {"executed_lines": [], "summary": {"covered_lines": 0, "num_statements": 31, "percent_covered": 0.0, "percent_covered_display": "0", "missing_lines": 31, "excluded_lines": 0, "percent_statements_covered": 0.0, "percent_statements_covered_display": "0"}, "missing_lines": [441, 442, 443, 445, 446, 447, 449, 450, 451, 453, 454, 455, 456, 458, 459, 461, 462, 463, 471, 472, 474, 476, 477, 478, 479, 480, 481, 483, 484, 485, 486], "excluded_lines": [], "start_line": 433}, "_run_ocr_on_file_sync": {"executed_lines": [], "summary": {"covered_lines": 0, "num_statements": 15, "percent_covered": 0.0, "percent_covered_display": "0", "missing_lines": 15, "excluded_lines": 0, "percent_statements_covered": 0.0, "percent_statements_covered_display": "0"}, "missing_lines": [491, 492, 493, 494, 495, 496, 510, 511, 512, 514, 515, 518, 521, 525, 526], "excluded_lines": [], "start_line": 489}, "_run_ocr_on_file": {"executed_lines": [545, 546, 547], "summary": {"covered_lines": 3, "num_statements": 24, "percent_covered": 12.5, "percent_covered_display": "12", "missing_lines": 21, "excluded_lines": 0, "percent_statements_covered": 12.5, "percent_statements_covered_display": "12"}, "missing_lines": [551, 552, 554, 555, 556, 560, 561, 562, 563, 564, 567, 568, 569, 570, 572, 573, 574, 575, 576, 577, 579], "excluded_lines": [], "start_line": 529}, "rescan_reading": {"executed_lines": [], "summary": {"covered_lines": 0, "num_statements": 24, "percent_covered": 0.0, "percent_covered_display": "0", "missing_lines": 24, "excluded_lines": 0, "percent_statements_covered": 0.0, "percent_statements_covered_display": "0"}, "missing_lines": [593, 594, 595, 596, 599, 600, 601, 603, 604, 612, 613, 615, 616, 618, 619, 620, 622, 625, 626, 627, 628, 629, 630, 632], "excluded_lines": [], "start_line": 583}, "scan_meter": {"executed_lines": [653, 654, 656, 657, 658, 661, 662, 663, 666, 667, 678, 679, 680, 681, 682, 683, 691, 692, 695, 696, 697, 698, 699, 701, 704, 705, 713, 720], "summary": {"covered_lines": 28, "num_statements": 47, "percent_covered": 59.57446808510638, "percent_covered_display": "60", "missing_lines": 19, "excluded_lines": 0, "percent_statements_covered": 59.57446808510638, "percent_statements_covered_display": "60"}, "missing_lines": [668, 669, 670, 671, 672, 673, 674, 675, 706, 707, 708, 709, 710, 711, 712, 715, 716, 717, 718], "excluded_lines": [], "start_line": 636}, "bulk_scan_meters": {"executed_lines": [739, 741, 742, 745, 746, 752, 754, 759, 775, 781, 782, 784, 785, 786, 788, 790, 848], "summary": {"covered_lines": 17, "num_statements": 23, "percent_covered": 73.91304347826087, "percent_covered_display": "74", "missing_lines": 6, "excluded_lines": 0, "percent_statements_covered": 73.91304347826087, "percent_statements_covered_display": "74"}, "missing_lines": [740, 747, 760, 768, 769, 770], "excluded_lines": [], "start_line": 724}, "bulk_scan_meters.generate": {"executed_lines": [791, 792, 804, 805, 806, 807, 808, 810, 811, 812, 813, 814, 816, 817, 818, 819, 820, 823, 825, 826, 827, 828, 831, 832, 843, 846], "summary": {"covered_lines": 26, "num_statements": 34, "percent_covered": 76.47058823529412, "percent_covered_display": "76", "missing_lines": 8, "excluded_lines": 0, "percent_statements_covered": 76.47058823529412, "percent_statements_covered_display": "76"}, "missing_lines": [833, 834, 835, 836, 837, 839, 840, 841], "excluded_lines": [], "start_line": 790}, "": {"executed_lines": [1, 2, 3, 4, 5, 6, 7, 8, 10, 11, 12, 13, 14, 16, 17, 18, 19, 21, 23, 26, 37, 38, 39, 42, 54, 64, 99, 198, 201, 216, 291, 382, 387, 422, 433, 489, 529, 582, 583, 635, 636, 723, 724], "summary": {"covered_lines": 43, "num_statements": 43, "percent_covered": 100.0, "percent_covered_display": "100", "missing_lines": 0, "excluded_lines": 0, "percent_statements_covered": 100.0, "percent_statements_covered_display": "100"}, "missing_lines": [], "excluded_lines": [], "start_line": 1}}, "classes": {"": {"executed_lines": [1, 2, 3, 4, 5, 6, 7, 8, 10, 11, 12, 13, 14, 16, 17, 18, 19, 21, 23, 26, 37, 38, 39, 42, 54, 64, 75, 76, 77, 78, 79, 81, 82, 83, 84, 85, 87, 88, 89, 91, 92, 93, 94, 95, 96, 99, 198, 201, 209, 212, 213, 216, 231, 232, 234, 236, 237, 238, 240, 241, 243, 244, 247, 248, 250, 252, 253, 254, 256, 258, 259, 260, 261, 262, 263, 265, 266, 271, 272, 273, 274, 275, 276, 277, 278, 283, 285, 286, 287, 288, 291, 382, 384, 387, 394, 395, 397, 398, 399, 401, 402, 403, 404, 405, 406, 407, 408, 410, 411, 412, 413, 414, 415, 416, 419, 422, 423, 433, 489, 529, 545, 546, 547, 582, 583, 635, 636, 653, 654, 656, 657, 658, 661, 662, 663, 666, 667, 678, 679, 680, 681, 682, 683, 691, 692, 695, 696, 697, 698, 699, 701, 704, 705, 713, 720, 723, 724, 739, 741, 742, 745, 746, 752, 754, 759, 775, 781, 782, 784, 785, 786, 788, 790, 791, 792, 804, 805, 806, 807, 808, 810, 811, 812, 813, 814, 816, 817, 818, 819, 820, 823, 825, 826, 827, 828, 831, 832, 843, 846, 848], "summary": {"covered_lines": 200, "num_statements": 431, "percent_covered": 46.403712296983755, "percent_covered_display": "46", "missing_lines": 231, "excluded_lines": 0, "percent_statements_covered": 46.403712296983755, "percent_statements_covered_display": "46"}, "missing_lines": [45, 46, 47, 48, 49, 50, 51, 56, 57, 58, 59, 60, 61, 121, 122, 123, 125, 126, 127, 129, 134, 135, 136, 141, 142, 143, 144, 146, 147, 148, 149, 152, 153, 154, 155, 156, 157, 158, 161, 162, 163, 164, 165, 166, 167, 168, 169, 172, 173, 174, 180, 181, 184, 185, 186, 187, 188, 190, 191, 192, 193, 242, 245, 280, 281, 297, 298, 299, 300, 302, 306, 307, 308, 309, 310, 311, 312, 313, 314, 316, 349, 350, 353, 354, 355, 356, 357, 358, 359, 360, 362, 363, 364, 365, 366, 367, 368, 370, 371, 372, 373, 374, 376, 377, 378, 379, 417, 441, 442, 443, 445, 446, 447, 449, 450, 451, 453, 454, 455, 456, 458, 459, 461, 462, 463, 471, 472, 474, 476, 477, 478, 479, 480, 481, 483, 484, 485, 486, 491, 492, 493, 494, 495, 496, 510, 511, 512, 514, 515, 518, 521, 525, 526, 551, 552, 554, 555, 556, 560, 561, 562, 563, 564, 567, 568, 569, 570, 572, 573, 574, 575, 576, 577, 579, 593, 594, 595, 596, 599, 600, 601, 603, 604, 612, 613, 615, 616, 618, 619, 620, 622, 625, 626, 627, 628, 629, 630, 632, 668, 669, 670, 671, 672, 673, 674, 675, 706, 707, 708, 709, 710, 711, 712, 715, 716, 717, 718, 740, 747, 760, 768, 769, 770, 833, 834, 835, 836, 837, 839, 840, 841], "excluded_lines": [], "start_line": 1}}}, "app/routers/properties.py": {"executed_lines": [1, 2, 3, 4, 6, 7, 8, 9, 17, 20, 21, 22, 23, 24, 27, 28, 29, 30, 35, 38, 40, 41, 42, 51, 54, 55, 59, 60, 62, 63, 64, 67, 68, 73, 74, 75, 76, 77, 80, 81, 86, 87, 88, 89, 92, 93, 99, 100, 101, 102, 103, 104, 105, 106, 109, 110, 115, 116, 117, 122, 123, 134, 135, 141, 142, 144, 145, 147, 152, 153, 154, 155, 156, 157, 158, 159, 160, 161, 164, 165, 171, 172, 174, 179, 181, 182], "summary": {"covered_lines": 86, "num_statements": 94, "percent_covered": 91.48936170212765, "percent_covered_display": "91", "missing_lines": 8, "excluded_lines": 0, "percent_statements_covered": 91.48936170212765, "percent_statements_covered_display": "91"}, "missing_lines": [128, 129, 130, 131, 143, 146, 173, 180], "excluded_lines": [], "functions": {"_get_property_or_404": {"executed_lines": [21, 22, 23, 24], "summary": {"covered_lines": 4, "num_statements": 4, "percent_covered": 100.0, "percent_covered_display": "100", "missing_lines": 0, "excluded_lines": 0, "percent_statements_covered": 100.0, "percent_statements_covered_display": "100"}, "missing_lines": [], "excluded_lines": [], "start_line": 20}, "_user_can_access": {"executed_lines": [28, 29, 30, 35], "summary": {"covered_lines": 4, "num_statements": 4, "percent_covered": 100.0, "percent_covered_display": "100", "missing_lines": 0, "excluded_lines": 0, "percent_statements_covered": 100.0, "percent_statements_covered_display": "100"}, "missing_lines": [], "excluded_lines": [], "start_line": 27}, "_user_can_manage": {"executed_lines": [40, 41, 42, 51], "summary": {"covered_lines": 4, "num_statements": 4, "percent_covered": 100.0, "percent_covered_display": "100", "missing_lines": 0, "excluded_lines": 0, "percent_statements_covered": 100.0, "percent_statements_covered_display": "100"}, "missing_lines": [], "excluded_lines": [], "start_line": 38}, "list_properties": {"executed_lines": [59, 60, 62, 63, 64], "summary": {"covered_lines": 5, "num_statements": 5, "percent_covered": 100.0, "percent_covered_display": "100", "missing_lines": 0, "excluded_lines": 0, "percent_statements_covered": 100.0, "percent_statements_covered_display": "100"}, "missing_lines": [], "excluded_lines": [], "start_line": 55}, "create_property": {"executed_lines": [73, 74, 75, 76, 77], "summary": {"covered_lines": 5, "num_statements": 5, "percent_covered": 100.0, "percent_covered_display": "100", "missing_lines": 0, "excluded_lines": 0, "percent_statements_covered": 100.0, "percent_statements_covered_display": "100"}, "missing_lines": [], "excluded_lines": [], "start_line": 68}, "get_property": {"executed_lines": [86, 87, 88, 89], "summary": {"covered_lines": 4, "num_statements": 4, "percent_covered": 100.0, "percent_covered_display": "100", "missing_lines": 0, "excluded_lines": 0, "percent_statements_covered": 100.0, "percent_statements_covered_display": "100"}, "missing_lines": [], "excluded_lines": [], "start_line": 81}, "update_property": {"executed_lines": [99, 100, 101, 102, 103, 104, 105, 106], "summary": {"covered_lines": 8, "num_statements": 8, "percent_covered": 100.0, "percent_covered_display": "100", "missing_lines": 0, "excluded_lines": 0, "percent_statements_covered": 100.0, "percent_statements_covered_display": "100"}, "missing_lines": [], "excluded_lines": [], "start_line": 93}, "delete_property": {"executed_lines": [115, 116, 117], "summary": {"covered_lines": 3, "num_statements": 3, "percent_covered": 100.0, "percent_covered_display": "100", "missing_lines": 0, "excluded_lines": 0, "percent_statements_covered": 100.0, "percent_statements_covered_display": "100"}, "missing_lines": [], "excluded_lines": [], "start_line": 110}, "list_property_users": {"executed_lines": [], "summary": {"covered_lines": 0, "num_statements": 4, "percent_covered": 0.0, "percent_covered_display": "0", "missing_lines": 4, "excluded_lines": 0, "percent_statements_covered": 0.0, "percent_statements_covered_display": "0"}, "missing_lines": [128, 129, 130, 131], "excluded_lines": [], "start_line": 123}, "add_property_user": {"executed_lines": [141, 142, 144, 145, 147, 152, 153, 154, 155, 156, 157, 158, 159, 160, 161], "summary": {"covered_lines": 15, "num_statements": 17, "percent_covered": 88.23529411764706, "percent_covered_display": "88", "missing_lines": 2, "excluded_lines": 0, "percent_statements_covered": 88.23529411764706, "percent_statements_covered_display": "88"}, "missing_lines": [143, 146], "excluded_lines": [], "start_line": 135}, "remove_property_user": {"executed_lines": [171, 172, 174, 179, 181, 182], "summary": {"covered_lines": 6, "num_statements": 8, "percent_covered": 75.0, "percent_covered_display": "75", "missing_lines": 2, "excluded_lines": 0, "percent_statements_covered": 75.0, "percent_statements_covered_display": "75"}, "missing_lines": [173, 180], "excluded_lines": [], "start_line": 165}, "": {"executed_lines": [1, 2, 3, 4, 6, 7, 8, 9, 17, 20, 27, 38, 54, 55, 67, 68, 80, 81, 92, 93, 109, 110, 122, 123, 134, 135, 164, 165], "summary": {"covered_lines": 28, "num_statements": 28, "percent_covered": 100.0, "percent_covered_display": "100", "missing_lines": 0, "excluded_lines": 0, "percent_statements_covered": 100.0, "percent_statements_covered_display": "100"}, "missing_lines": [], "excluded_lines": [], "start_line": 1}}, "classes": {"": {"executed_lines": [1, 2, 3, 4, 6, 7, 8, 9, 17, 20, 21, 22, 23, 24, 27, 28, 29, 30, 35, 38, 40, 41, 42, 51, 54, 55, 59, 60, 62, 63, 64, 67, 68, 73, 74, 75, 76, 77, 80, 81, 86, 87, 88, 89, 92, 93, 99, 100, 101, 102, 103, 104, 105, 106, 109, 110, 115, 116, 117, 122, 123, 134, 135, 141, 142, 144, 145, 147, 152, 153, 154, 155, 156, 157, 158, 159, 160, 161, 164, 165, 171, 172, 174, 179, 181, 182], "summary": {"covered_lines": 86, "num_statements": 94, "percent_covered": 91.48936170212765, "percent_covered_display": "91", "missing_lines": 8, "excluded_lines": 0, "percent_statements_covered": 91.48936170212765, "percent_statements_covered_display": "91"}, "missing_lines": [128, 129, 130, 131, 143, 146, 173, 180], "excluded_lines": [], "start_line": 1}}}, "app/routers/readings.py": {"executed_lines": [1, 2, 3, 4, 6, 7, 9, 10, 11, 12, 13, 15, 18, 25, 26, 28, 29, 32, 33, 35, 40, 49, 50, 51, 54, 55, 65, 66, 67, 68, 69, 70, 71, 74, 75, 82, 83, 92, 93, 94, 95, 98, 99, 106, 107, 108, 109, 110, 113, 116, 117, 120, 121], "summary": {"covered_lines": 53, "num_statements": 71, "percent_covered": 74.64788732394366, "percent_covered_display": "75", "missing_lines": 18, "excluded_lines": 0, "percent_statements_covered": 74.64788732394366, "percent_statements_covered_display": "75"}, "missing_lines": [27, 30, 111, 112, 114, 115, 129, 130, 131, 132, 133, 134, 135, 136, 137, 138, 139, 140], "excluded_lines": [], "functions": {"_get_meter_with_access": {"executed_lines": [25, 26, 28, 29, 32, 33, 35, 40, 49, 50, 51], "summary": {"covered_lines": 11, "num_statements": 13, "percent_covered": 84.61538461538461, "percent_covered_display": "85", "missing_lines": 2, "excluded_lines": 0, "percent_statements_covered": 84.61538461538461, "percent_statements_covered_display": "85"}, "missing_lines": [27, 30], "excluded_lines": [], "start_line": 18}, "list_readings": {"executed_lines": [65, 66, 67, 68, 69, 70, 71], "summary": {"covered_lines": 7, "num_statements": 7, "percent_covered": 100.0, "percent_covered_display": "100", "missing_lines": 0, "excluded_lines": 0, "percent_statements_covered": 100.0, "percent_statements_covered_display": "100"}, "missing_lines": [], "excluded_lines": [], "start_line": 55}, "create_reading": {"executed_lines": [82, 83, 92, 93, 94, 95], "summary": {"covered_lines": 6, "num_statements": 6, "percent_covered": 100.0, "percent_covered_display": "100", "missing_lines": 0, "excluded_lines": 0, "percent_statements_covered": 100.0, "percent_statements_covered_display": "100"}, "missing_lines": [], "excluded_lines": [], "start_line": 75}, "delete_reading": {"executed_lines": [106, 107, 108, 109, 110, 113, 116, 117], "summary": {"covered_lines": 8, "num_statements": 12, "percent_covered": 66.66666666666667, "percent_covered_display": "67", "missing_lines": 4, "excluded_lines": 0, "percent_statements_covered": 66.66666666666667, "percent_statements_covered_display": "67"}, "missing_lines": [111, 112, 114, 115], "excluded_lines": [], "start_line": 99}, "update_reading": {"executed_lines": [], "summary": {"covered_lines": 0, "num_statements": 12, "percent_covered": 0.0, "percent_covered_display": "0", "missing_lines": 12, "excluded_lines": 0, "percent_statements_covered": 0.0, "percent_statements_covered_display": "0"}, "missing_lines": [129, 130, 131, 132, 133, 134, 135, 136, 137, 138, 139, 140], "excluded_lines": [], "start_line": 121}, "": {"executed_lines": [1, 2, 3, 4, 6, 7, 9, 10, 11, 12, 13, 15, 18, 54, 55, 74, 75, 98, 99, 120, 121], "summary": {"covered_lines": 21, "num_statements": 21, "percent_covered": 100.0, "percent_covered_display": "100", "missing_lines": 0, "excluded_lines": 0, "percent_statements_covered": 100.0, "percent_statements_covered_display": "100"}, "missing_lines": [], "excluded_lines": [], "start_line": 1}}, "classes": {"": {"executed_lines": [1, 2, 3, 4, 6, 7, 9, 10, 11, 12, 13, 15, 18, 25, 26, 28, 29, 32, 33, 35, 40, 49, 50, 51, 54, 55, 65, 66, 67, 68, 69, 70, 71, 74, 75, 82, 83, 92, 93, 94, 95, 98, 99, 106, 107, 108, 109, 110, 113, 116, 117, 120, 121], "summary": {"covered_lines": 53, "num_statements": 71, "percent_covered": 74.64788732394366, "percent_covered_display": "75", "missing_lines": 18, "excluded_lines": 0, "percent_statements_covered": 74.64788732394366, "percent_statements_covered_display": "75"}, "missing_lines": [27, 30, 111, 112, 114, 115, 129, 130, 131, 132, 133, 134, 135, 136, 137, 138, 139, 140], "excluded_lines": [], "start_line": 1}}}, "app/routers/uploads.py": {"executed_lines": [2, 3, 5, 6, 8, 9, 10, 12, 15, 16, 22, 23, 25, 26, 27, 29, 30], "summary": {"covered_lines": 17, "num_statements": 17, "percent_covered": 100.0, "percent_covered_display": "100", "missing_lines": 0, "excluded_lines": 0, "percent_statements_covered": 100.0, "percent_statements_covered_display": "100"}, "missing_lines": [], "excluded_lines": [], "functions": {"serve_upload": {"executed_lines": [22, 23, 25, 26, 27, 29, 30], "summary": {"covered_lines": 7, "num_statements": 7, "percent_covered": 100.0, "percent_covered_display": "100", "missing_lines": 0, "excluded_lines": 0, "percent_statements_covered": 100.0, "percent_statements_covered_display": "100"}, "missing_lines": [], "excluded_lines": [], "start_line": 16}, "": {"executed_lines": [2, 3, 5, 6, 8, 9, 10, 12, 15, 16], "summary": {"covered_lines": 10, "num_statements": 10, "percent_covered": 100.0, "percent_covered_display": "100", "missing_lines": 0, "excluded_lines": 0, "percent_statements_covered": 100.0, "percent_statements_covered_display": "100"}, "missing_lines": [], "excluded_lines": [], "start_line": 1}}, "classes": {"": {"executed_lines": [2, 3, 5, 6, 8, 9, 10, 12, 15, 16, 22, 23, 25, 26, 27, 29, 30], "summary": {"covered_lines": 17, "num_statements": 17, "percent_covered": 100.0, "percent_covered_display": "100", "missing_lines": 0, "excluded_lines": 0, "percent_statements_covered": 100.0, "percent_statements_covered_display": "100"}, "missing_lines": [], "excluded_lines": [], "start_line": 1}}}, "app/schemas/__init__.py": {"executed_lines": [], "summary": {"covered_lines": 0, "num_statements": 0, "percent_covered": 100.0, "percent_covered_display": "100", "missing_lines": 0, "excluded_lines": 0, "percent_statements_covered": 100.0, "percent_statements_covered_display": "100"}, "missing_lines": [], "excluded_lines": [], "functions": {"": {"executed_lines": [], "summary": {"covered_lines": 0, "num_statements": 0, "percent_covered": 100.0, "percent_covered_display": "100", "missing_lines": 0, "excluded_lines": 0, "percent_statements_covered": 100.0, "percent_statements_covered_display": "100"}, "missing_lines": [], "excluded_lines": [], "start_line": 1}}, "classes": {"": {"executed_lines": [], "summary": {"covered_lines": 0, "num_statements": 0, "percent_covered": 100.0, "percent_covered_display": "100", "missing_lines": 0, "excluded_lines": 0, "percent_statements_covered": 100.0, "percent_statements_covered_display": "100"}, "missing_lines": [], "excluded_lines": [], "start_line": 1}}}, "app/schemas/admin.py": {"executed_lines": [1, 2, 3, 4, 7, 14, 17, 21, 26, 31], "summary": {"covered_lines": 10, "num_statements": 10, "percent_covered": 100.0, "percent_covered_display": "100", "missing_lines": 0, "excluded_lines": 0, "percent_statements_covered": 100.0, "percent_statements_covered_display": "100"}, "missing_lines": [], "excluded_lines": [], "functions": {"": {"executed_lines": [1, 2, 3, 4, 7, 14, 17, 21, 26, 31], "summary": {"covered_lines": 10, "num_statements": 10, "percent_covered": 100.0, "percent_covered_display": "100", "missing_lines": 0, "excluded_lines": 0, "percent_statements_covered": 100.0, "percent_statements_covered_display": "100"}, "missing_lines": [], "excluded_lines": [], "start_line": 1}}, "classes": {"UserResponse": {"executed_lines": [], "summary": {"covered_lines": 0, "num_statements": 0, "percent_covered": 100.0, "percent_covered_display": "100", "missing_lines": 0, "excluded_lines": 0, "percent_statements_covered": 100.0, "percent_statements_covered_display": "100"}, "missing_lines": [], "excluded_lines": [], "start_line": 7}, "UserRoleUpdate": {"executed_lines": [], "summary": {"covered_lines": 0, "num_statements": 0, "percent_covered": 100.0, "percent_covered_display": "100", "missing_lines": 0, "excluded_lines": 0, "percent_statements_covered": 100.0, "percent_statements_covered_display": "100"}, "missing_lines": [], "excluded_lines": [], "start_line": 17}, "LdapMappingCreate": {"executed_lines": [], "summary": {"covered_lines": 0, "num_statements": 0, "percent_covered": 100.0, "percent_covered_display": "100", "missing_lines": 0, "excluded_lines": 0, "percent_statements_covered": 100.0, "percent_statements_covered_display": "100"}, "missing_lines": [], "excluded_lines": [], "start_line": 21}, "LdapMappingResponse": {"executed_lines": [], "summary": {"covered_lines": 0, "num_statements": 0, "percent_covered": 100.0, "percent_covered_display": "100", "missing_lines": 0, "excluded_lines": 0, "percent_statements_covered": 100.0, "percent_statements_covered_display": "100"}, "missing_lines": [], "excluded_lines": [], "start_line": 26}, "": {"executed_lines": [1, 2, 3, 4, 7, 14, 17, 21, 26, 31], "summary": {"covered_lines": 10, "num_statements": 10, "percent_covered": 100.0, "percent_covered_display": "100", "missing_lines": 0, "excluded_lines": 0, "percent_statements_covered": 100.0, "percent_statements_covered_display": "100"}, "missing_lines": [], "excluded_lines": [], "start_line": 1}}}, "app/schemas/auth.py": {"executed_lines": [1, 4, 6, 9], "summary": {"covered_lines": 4, "num_statements": 4, "percent_covered": 100.0, "percent_covered_display": "100", "missing_lines": 0, "excluded_lines": 0, "percent_statements_covered": 100.0, "percent_statements_covered_display": "100"}, "missing_lines": [], "excluded_lines": [], "functions": {"": {"executed_lines": [1, 4, 6, 9], "summary": {"covered_lines": 4, "num_statements": 4, "percent_covered": 100.0, "percent_covered_display": "100", "missing_lines": 0, "excluded_lines": 0, "percent_statements_covered": 100.0, "percent_statements_covered_display": "100"}, "missing_lines": [], "excluded_lines": [], "start_line": 1}}, "classes": {"TokenResponse": {"executed_lines": [], "summary": {"covered_lines": 0, "num_statements": 0, "percent_covered": 100.0, "percent_covered_display": "100", "missing_lines": 0, "excluded_lines": 0, "percent_statements_covered": 100.0, "percent_statements_covered_display": "100"}, "missing_lines": [], "excluded_lines": [], "start_line": 4}, "SuperadminLoginRequest": {"executed_lines": [], "summary": {"covered_lines": 0, "num_statements": 0, "percent_covered": 100.0, "percent_covered_display": "100", "missing_lines": 0, "excluded_lines": 0, "percent_statements_covered": 100.0, "percent_statements_covered_display": "100"}, "missing_lines": [], "excluded_lines": [], "start_line": 9}, "": {"executed_lines": [1, 4, 6, 9], "summary": {"covered_lines": 4, "num_statements": 4, "percent_covered": 100.0, "percent_covered_display": "100", "missing_lines": 0, "excluded_lines": 0, "percent_statements_covered": 100.0, "percent_statements_covered_display": "100"}, "missing_lines": [], "excluded_lines": [], "start_line": 1}}}, "app/schemas/meters.py": {"executed_lines": [1, 2, 3, 4, 5, 8, 12, 13, 14, 15, 16, 19, 20, 21, 22, 23, 24, 25, 26, 27, 30, 44], "summary": {"covered_lines": 22, "num_statements": 22, "percent_covered": 100.0, "percent_covered_display": "100", "missing_lines": 0, "excluded_lines": 0, "percent_statements_covered": 100.0, "percent_statements_covered_display": "100"}, "missing_lines": [], "excluded_lines": [], "functions": {"": {"executed_lines": [1, 2, 3, 4, 5, 8, 12, 13, 14, 15, 16, 19, 20, 21, 22, 23, 24, 25, 26, 27, 30, 44], "summary": {"covered_lines": 22, "num_statements": 22, "percent_covered": 100.0, "percent_covered_display": "100", "missing_lines": 0, "excluded_lines": 0, "percent_statements_covered": 100.0, "percent_statements_covered_display": "100"}, "missing_lines": [], "excluded_lines": [], "start_line": 1}}, "classes": {"MeterCreate": {"executed_lines": [], "summary": {"covered_lines": 0, "num_statements": 0, "percent_covered": 100.0, "percent_covered_display": "100", "missing_lines": 0, "excluded_lines": 0, "percent_statements_covered": 100.0, "percent_statements_covered_display": "100"}, "missing_lines": [], "excluded_lines": [], "start_line": 8}, "MeterUpdate": {"executed_lines": [], "summary": {"covered_lines": 0, "num_statements": 0, "percent_covered": 100.0, "percent_covered_display": "100", "missing_lines": 0, "excluded_lines": 0, "percent_statements_covered": 100.0, "percent_statements_covered_display": "100"}, "missing_lines": [], "excluded_lines": [], "start_line": 19}, "MeterResponse": {"executed_lines": [], "summary": {"covered_lines": 0, "num_statements": 0, "percent_covered": 100.0, "percent_covered_display": "100", "missing_lines": 0, "excluded_lines": 0, "percent_statements_covered": 100.0, "percent_statements_covered_display": "100"}, "missing_lines": [], "excluded_lines": [], "start_line": 30}, "": {"executed_lines": [1, 2, 3, 4, 5, 8, 12, 13, 14, 15, 16, 19, 20, 21, 22, 23, 24, 25, 26, 27, 30, 44], "summary": {"covered_lines": 22, "num_statements": 22, "percent_covered": 100.0, "percent_covered_display": "100", "missing_lines": 0, "excluded_lines": 0, "percent_statements_covered": 100.0, "percent_statements_covered_display": "100"}, "missing_lines": [], "excluded_lines": [], "start_line": 1}}}, "app/schemas/properties.py": {"executed_lines": [1, 2, 3, 4, 7, 9, 10, 11, 14, 15, 16, 17, 18, 21, 28, 31, 33, 36, 41], "summary": {"covered_lines": 19, "num_statements": 19, "percent_covered": 100.0, "percent_covered_display": "100", "missing_lines": 0, "excluded_lines": 0, "percent_statements_covered": 100.0, "percent_statements_covered_display": "100"}, "missing_lines": [], "excluded_lines": [], "functions": {"": {"executed_lines": [1, 2, 3, 4, 7, 9, 10, 11, 14, 15, 16, 17, 18, 21, 28, 31, 33, 36, 41], "summary": {"covered_lines": 19, "num_statements": 19, "percent_covered": 100.0, "percent_covered_display": "100", "missing_lines": 0, "excluded_lines": 0, "percent_statements_covered": 100.0, "percent_statements_covered_display": "100"}, "missing_lines": [], "excluded_lines": [], "start_line": 1}}, "classes": {"PropertyCreate": {"executed_lines": [], "summary": {"covered_lines": 0, "num_statements": 0, "percent_covered": 100.0, "percent_covered_display": "100", "missing_lines": 0, "excluded_lines": 0, "percent_statements_covered": 100.0, "percent_statements_covered_display": "100"}, "missing_lines": [], "excluded_lines": [], "start_line": 7}, "PropertyUpdate": {"executed_lines": [], "summary": {"covered_lines": 0, "num_statements": 0, "percent_covered": 100.0, "percent_covered_display": "100", "missing_lines": 0, "excluded_lines": 0, "percent_statements_covered": 100.0, "percent_statements_covered_display": "100"}, "missing_lines": [], "excluded_lines": [], "start_line": 14}, "PropertyResponse": {"executed_lines": [], "summary": {"covered_lines": 0, "num_statements": 0, "percent_covered": 100.0, "percent_covered_display": "100", "missing_lines": 0, "excluded_lines": 0, "percent_statements_covered": 100.0, "percent_statements_covered_display": "100"}, "missing_lines": [], "excluded_lines": [], "start_line": 21}, "PropertyUserAdd": {"executed_lines": [], "summary": {"covered_lines": 0, "num_statements": 0, "percent_covered": 100.0, "percent_covered_display": "100", "missing_lines": 0, "excluded_lines": 0, "percent_statements_covered": 100.0, "percent_statements_covered_display": "100"}, "missing_lines": [], "excluded_lines": [], "start_line": 31}, "PropertyUserResponse": {"executed_lines": [], "summary": {"covered_lines": 0, "num_statements": 0, "percent_covered": 100.0, "percent_covered_display": "100", "missing_lines": 0, "excluded_lines": 0, "percent_statements_covered": 100.0, "percent_statements_covered_display": "100"}, "missing_lines": [], "excluded_lines": [], "start_line": 36}, "": {"executed_lines": [1, 2, 3, 4, 7, 9, 10, 11, 14, 15, 16, 17, 18, 21, 28, 31, 33, 36, 41], "summary": {"covered_lines": 19, "num_statements": 19, "percent_covered": 100.0, "percent_covered_display": "100", "missing_lines": 0, "excluded_lines": 0, "percent_statements_covered": 100.0, "percent_statements_covered_display": "100"}, "missing_lines": [], "excluded_lines": [], "start_line": 1}}}, "app/schemas/readings.py": {"executed_lines": [1, 2, 3, 4, 5, 6, 9, 11, 12, 13, 14, 15, 18, 28, 31, 32, 33, 34], "summary": {"covered_lines": 18, "num_statements": 18, "percent_covered": 100.0, "percent_covered_display": "100", "missing_lines": 0, "excluded_lines": 0, "percent_statements_covered": 100.0, "percent_statements_covered_display": "100"}, "missing_lines": [], "excluded_lines": [], "functions": {"": {"executed_lines": [1, 2, 3, 4, 5, 6, 9, 11, 12, 13, 14, 15, 18, 28, 31, 32, 33, 34], "summary": {"covered_lines": 18, "num_statements": 18, "percent_covered": 100.0, "percent_covered_display": "100", "missing_lines": 0, "excluded_lines": 0, "percent_statements_covered": 100.0, "percent_statements_covered_display": "100"}, "missing_lines": [], "excluded_lines": [], "start_line": 1}}, "classes": {"ReadingCreate": {"executed_lines": [], "summary": {"covered_lines": 0, "num_statements": 0, "percent_covered": 100.0, "percent_covered_display": "100", "missing_lines": 0, "excluded_lines": 0, "percent_statements_covered": 100.0, "percent_statements_covered_display": "100"}, "missing_lines": [], "excluded_lines": [], "start_line": 9}, "ReadingResponse": {"executed_lines": [], "summary": {"covered_lines": 0, "num_statements": 0, "percent_covered": 100.0, "percent_covered_display": "100", "missing_lines": 0, "excluded_lines": 0, "percent_statements_covered": 100.0, "percent_statements_covered_display": "100"}, "missing_lines": [], "excluded_lines": [], "start_line": 18}, "ReadingUpdate": {"executed_lines": [], "summary": {"covered_lines": 0, "num_statements": 0, "percent_covered": 100.0, "percent_covered_display": "100", "missing_lines": 0, "excluded_lines": 0, "percent_statements_covered": 100.0, "percent_statements_covered_display": "100"}, "missing_lines": [], "excluded_lines": [], "start_line": 31}, "": {"executed_lines": [1, 2, 3, 4, 5, 6, 9, 11, 12, 13, 14, 15, 18, 28, 31, 32, 33, 34], "summary": {"covered_lines": 18, "num_statements": 18, "percent_covered": 100.0, "percent_covered_display": "100", "missing_lines": 0, "excluded_lines": 0, "percent_statements_covered": 100.0, "percent_statements_covered_display": "100"}, "missing_lines": [], "excluded_lines": [], "start_line": 1}}}, "app/services/__init__.py": {"executed_lines": [], "summary": {"covered_lines": 0, "num_statements": 0, "percent_covered": 100.0, "percent_covered_display": "100", "missing_lines": 0, "excluded_lines": 0, "percent_statements_covered": 100.0, "percent_statements_covered_display": "100"}, "missing_lines": [], "excluded_lines": [], "functions": {"": {"executed_lines": [], "summary": {"covered_lines": 0, "num_statements": 0, "percent_covered": 100.0, "percent_covered_display": "100", "missing_lines": 0, "excluded_lines": 0, "percent_statements_covered": 100.0, "percent_statements_covered_display": "100"}, "missing_lines": [], "excluded_lines": [], "start_line": 1}}, "classes": {"": {"executed_lines": [], "summary": {"covered_lines": 0, "num_statements": 0, "percent_covered": 100.0, "percent_covered_display": "100", "missing_lines": 0, "excluded_lines": 0, "percent_statements_covered": 100.0, "percent_statements_covered_display": "100"}, "missing_lines": [], "excluded_lines": [], "start_line": 1}}}, "app/services/buy_signal.py": {"executed_lines": [20, 21, 23, 25, 27, 28, 29, 30, 33, 35, 41, 42, 53, 54, 55, 57, 58, 59, 62, 63, 64, 69, 70, 71, 72, 74, 75, 76, 78, 79, 80, 82, 87, 88, 90, 92, 93, 97, 98, 99, 116, 117, 118, 124], "summary": {"covered_lines": 44, "num_statements": 58, "percent_covered": 75.86206896551724, "percent_covered_display": "76", "missing_lines": 14, "excluded_lines": 0, "percent_statements_covered": 75.86206896551724, "percent_statements_covered_display": "76"}, "missing_lines": [89, 100, 101, 103, 104, 106, 107, 108, 109, 111, 113, 119, 120, 122], "excluded_lines": [], "functions": {"compute_oil_buy_signal": {"executed_lines": [35, 41, 42, 53, 54, 55, 57, 58, 59, 62, 63, 64, 69, 70, 71, 72, 74, 75, 76, 78, 79, 80, 82, 87, 92, 93, 97, 98, 99, 116, 117, 118, 124], "summary": {"covered_lines": 33, "num_statements": 46, "percent_covered": 71.73913043478261, "percent_covered_display": "72", "missing_lines": 13, "excluded_lines": 0, "percent_statements_covered": 71.73913043478261, "percent_statements_covered_display": "72"}, "missing_lines": [100, 101, 103, 104, 106, 107, 108, 109, 111, 113, 119, 120, 122], "excluded_lines": [], "start_line": 33}, "compute_oil_buy_signal.pct": {"executed_lines": [88, 90], "summary": {"covered_lines": 2, "num_statements": 3, "percent_covered": 66.66666666666667, "percent_covered_display": "67", "missing_lines": 1, "excluded_lines": 0, "percent_statements_covered": 66.66666666666667, "percent_statements_covered_display": "67"}, "missing_lines": [89], "excluded_lines": [], "start_line": 87}, "": {"executed_lines": [20, 21, 23, 25, 27, 28, 29, 30, 33], "summary": {"covered_lines": 9, "num_statements": 9, "percent_covered": 100.0, "percent_covered_display": "100", "missing_lines": 0, "excluded_lines": 0, "percent_statements_covered": 100.0, "percent_statements_covered_display": "100"}, "missing_lines": [], "excluded_lines": [], "start_line": 1}}, "classes": {"": {"executed_lines": [20, 21, 23, 25, 27, 28, 29, 30, 33, 35, 41, 42, 53, 54, 55, 57, 58, 59, 62, 63, 64, 69, 70, 71, 72, 74, 75, 76, 78, 79, 80, 82, 87, 88, 90, 92, 93, 97, 98, 99, 116, 117, 118, 124], "summary": {"covered_lines": 44, "num_statements": 58, "percent_covered": 75.86206896551724, "percent_covered_display": "76", "missing_lines": 14, "excluded_lines": 0, "percent_statements_covered": 75.86206896551724, "percent_statements_covered_display": "76"}, "missing_lines": [89, 100, 101, 103, 104, 106, 107, 108, 109, 111, 113, 119, 120, 122], "excluded_lines": [], "start_line": 1}}}, "app/services/oil_price.py": {"executed_lines": [9, 10, 11, 13, 14, 15, 17, 18, 20, 23, 24, 25, 26, 27, 28, 30, 31, 33, 34, 35, 36, 37, 39, 42, 43, 48, 49, 50, 51, 52, 54, 55, 56, 57, 58, 61, 63, 64, 65, 66, 68, 69, 71, 76, 77, 78, 79, 80, 81, 88, 101, 102, 104, 105, 106, 107, 108], "summary": {"covered_lines": 57, "num_statements": 71, "percent_covered": 80.28169014084507, "percent_covered_display": "80", "missing_lines": 14, "excluded_lines": 0, "percent_statements_covered": 80.28169014084507, "percent_statements_covered_display": "80"}, "missing_lines": [29, 40, 82, 83, 85, 89, 90, 92, 93, 94, 95, 96, 98, 103], "excluded_lines": [], "functions": {"fetch_and_store_oil_price": {"executed_lines": [24, 25, 26, 27, 28, 30, 31, 33, 34, 35, 36, 37, 39, 42, 43, 48, 49, 50, 51, 52, 54, 55, 56, 57, 58], "summary": {"covered_lines": 25, "num_statements": 27, "percent_covered": 92.5925925925926, "percent_covered_display": "93", "missing_lines": 2, "excluded_lines": 0, "percent_statements_covered": 92.5925925925926, "percent_statements_covered_display": "93"}, "missing_lines": [29, 40], "excluded_lines": [], "start_line": 23}, "_fetch_heizoel_aktuell": {"executed_lines": [63, 64, 65, 66, 68, 69, 71, 76, 77, 78, 79, 80, 81], "summary": {"covered_lines": 13, "num_statements": 16, "percent_covered": 81.25, "percent_covered_display": "81", "missing_lines": 3, "excluded_lines": 0, "percent_statements_covered": 81.25, "percent_statements_covered_display": "81"}, "missing_lines": [82, 83, 85], "excluded_lines": [], "start_line": 61}, "_fetch_tankerkoenig": {"executed_lines": [], "summary": {"covered_lines": 0, "num_statements": 8, "percent_covered": 0.0, "percent_covered_display": "0", "missing_lines": 8, "excluded_lines": 0, "percent_statements_covered": 0.0, "percent_statements_covered_display": "0"}, "missing_lines": [89, 90, 92, 93, 94, 95, 96, 98], "excluded_lines": [], "start_line": 88}, "_fetch_custom": {"executed_lines": [102, 104, 105, 106, 107, 108], "summary": {"covered_lines": 6, "num_statements": 7, "percent_covered": 85.71428571428571, "percent_covered_display": "86", "missing_lines": 1, "excluded_lines": 0, "percent_statements_covered": 85.71428571428571, "percent_statements_covered_display": "86"}, "missing_lines": [103], "excluded_lines": [], "start_line": 101}, "": {"executed_lines": [9, 10, 11, 13, 14, 15, 17, 18, 20, 23, 61, 88, 101], "summary": {"covered_lines": 13, "num_statements": 13, "percent_covered": 100.0, "percent_covered_display": "100", "missing_lines": 0, "excluded_lines": 0, "percent_statements_covered": 100.0, "percent_statements_covered_display": "100"}, "missing_lines": [], "excluded_lines": [], "start_line": 1}}, "classes": {"": {"executed_lines": [9, 10, 11, 13, 14, 15, 17, 18, 20, 23, 24, 25, 26, 27, 28, 30, 31, 33, 34, 35, 36, 37, 39, 42, 43, 48, 49, 50, 51, 52, 54, 55, 56, 57, 58, 61, 63, 64, 65, 66, 68, 69, 71, 76, 77, 78, 79, 80, 81, 88, 101, 102, 104, 105, 106, 107, 108], "summary": {"covered_lines": 57, "num_statements": 71, "percent_covered": 80.28169014084507, "percent_covered_display": "80", "missing_lines": 14, "excluded_lines": 0, "percent_statements_covered": 80.28169014084507, "percent_statements_covered_display": "80"}, "missing_lines": [29, 40, 82, 83, 85, 89, 90, 92, 93, 94, 95, 96, 98, 103], "excluded_lines": [], "start_line": 1}}}}, "totals": {"covered_lines": 1178, "num_statements": 1559, "percent_covered": 75.56125721616421, "percent_covered_display": "76", "missing_lines": 381, "excluded_lines": 0, "percent_statements_covered": 75.56125721616421, "percent_statements_covered_display": "76"}}